0 verbose cli D:\Program Files\nodejs\node.exe D:\Program Files\nodejs\node_modules\npm\bin\npm-cli.js
1 info using npm@10.9.2
2 info using node@v22.16.0
3 silly config load:file:D:\Program Files\nodejs\node_modules\npm\npmrc
4 silly config load:file:E:\Github\i3nya\.npmrc
5 silly config load:file:C:\Users\23601\.npmrc
6 silly config load:file:E:\Github\i3nya\node_global\etc\npmrc
7 verbose title npm install @vitejs/plugin-react
8 verbose argv "install" "@vitejs/plugin-react" "--save-dev"
9 verbose logfile logs-max:10 dir:E:\Github\i3nya\node_cache\_logs\2025-06-14T09_42_05_631Z-
10 verbose logfile E:\Github\i3nya\node_cache\_logs\2025-06-14T09_42_05_631Z-debug-0.log
11 silly logfile done cleaning log files
12 silly packumentCache heap:4345298944 maxSize:1086324736 maxEntrySize:543162368
13 silly idealTree buildDeps
14 silly fetch manifest @vitejs/plugin-react@*
15 silly packumentCache full:https://registry.npmjs.org/@vitejs%2fplugin-react cache-miss
16 http fetch GET 200 https://registry.npmjs.org/@vitejs%2fplugin-react 815ms (cache miss)
17 silly packumentCache full:https://registry.npmjs.org/@vitejs%2fplugin-react set size:undefined disposed:false
18 silly fetch manifest vite@^5.0.0
19 silly packumentCache full:https://registry.npmjs.org/vite cache-miss
20 http cache https://registry.npmjs.org/vite 63ms (cache hit)
21 silly packumentCache full:https://registry.npmjs.org/vite set size:38414450 disposed:false
22 silly fetch manifest @types/node@^18.0.0 || >=20.0.0
23 silly packumentCache full:https://registry.npmjs.org/@types%2fnode cache-miss
24 http cache https://registry.npmjs.org/@types%2fnode 15ms (cache hit)
25 silly packumentCache full:https://registry.npmjs.org/@types%2fnode set size:10249538 disposed:false
26 silly fetch manifest less@*
27 silly packumentCache full:https://registry.npmjs.org/less cache-miss
28 http cache https://registry.npmjs.org/less 3ms (cache hit)
29 silly packumentCache full:https://registry.npmjs.org/less set size:413596 disposed:false
30 silly fetch manifest lightningcss@^1.21.0
31 silly packumentCache full:https://registry.npmjs.org/lightningcss cache-miss
32 http cache https://registry.npmjs.org/lightningcss 2ms (cache hit)
33 silly packumentCache full:https://registry.npmjs.org/lightningcss set size:169503 disposed:false
34 silly fetch manifest sass@*
35 silly packumentCache full:https://registry.npmjs.org/sass cache-miss
36 http cache https://registry.npmjs.org/sass 4ms (cache hit)
37 silly packumentCache full:https://registry.npmjs.org/sass set size:683895 disposed:false
38 silly fetch manifest sass-embedded@*
39 silly packumentCache full:https://registry.npmjs.org/sass-embedded cache-miss
40 http cache https://registry.npmjs.org/sass-embedded 2ms (cache hit)
41 silly packumentCache full:https://registry.npmjs.org/sass-embedded set size:352957 disposed:false
42 silly fetch manifest stylus@*
43 silly packumentCache full:https://registry.npmjs.org/stylus cache-miss
44 http cache https://registry.npmjs.org/stylus 3ms (cache hit)
45 silly packumentCache full:https://registry.npmjs.org/stylus set size:286766 disposed:false
46 silly fetch manifest sugarss@*
47 silly packumentCache full:https://registry.npmjs.org/sugarss cache-miss
48 http cache https://registry.npmjs.org/sugarss 3ms (cache hit)
49 silly packumentCache full:https://registry.npmjs.org/sugarss set size:43245 disposed:false
50 silly fetch manifest postcss@^8.3.3
51 silly packumentCache full:https://registry.npmjs.org/postcss cache-miss
52 http cache https://registry.npmjs.org/postcss 4ms (cache hit)
53 silly packumentCache full:https://registry.npmjs.org/postcss set size:693253 disposed:false
54 silly fetch manifest terser@^5.4.0
55 silly packumentCache full:https://registry.npmjs.org/terser cache-miss
56 http cache https://registry.npmjs.org/terser 3ms (cache hit)
57 silly packumentCache full:https://registry.npmjs.org/terser set size:766932 disposed:false
58 silly placeDep ROOT @vitejs/plugin-react@4.5.2 OK for: guing-site@1.0.0 want: *
59 silly fetch manifest @babel/core@^7.27.4
60 silly packumentCache full:https://registry.npmjs.org/@babel%2fcore cache-miss
61 silly fetch manifest @babel/plugin-transform-react-jsx-self@^7.27.1
62 silly packumentCache full:https://registry.npmjs.org/@babel%2fplugin-transform-react-jsx-self cache-miss
63 silly fetch manifest @babel/plugin-transform-react-jsx-source@^7.27.1
64 silly packumentCache full:https://registry.npmjs.org/@babel%2fplugin-transform-react-jsx-source cache-miss
65 silly fetch manifest @rolldown/pluginutils@1.0.0-beta.11
66 silly packumentCache full:https://registry.npmjs.org/@rolldown%2fpluginutils cache-miss
67 silly fetch manifest @types/babel__core@^7.20.5
68 silly packumentCache full:https://registry.npmjs.org/@types%2fbabel__core cache-miss
69 silly fetch manifest react-refresh@^0.17.0
70 silly packumentCache full:https://registry.npmjs.org/react-refresh cache-miss
71 http fetch GET 200 https://registry.npmjs.org/@babel%2fcore 232ms (cache miss)
72 silly packumentCache full:https://registry.npmjs.org/@babel%2fcore set size:undefined disposed:false
73 http fetch GET 200 https://registry.npmjs.org/@types%2fbabel__core 709ms (cache miss)
74 silly packumentCache full:https://registry.npmjs.org/@types%2fbabel__core set size:undefined disposed:false
75 http fetch GET 200 https://registry.npmjs.org/@babel%2fplugin-transform-react-jsx-source 755ms (cache miss)
76 silly packumentCache full:https://registry.npmjs.org/@babel%2fplugin-transform-react-jsx-source set size:undefined disposed:false
77 http fetch GET 200 https://registry.npmjs.org/@rolldown%2fpluginutils 758ms (cache miss)
78 silly packumentCache full:https://registry.npmjs.org/@rolldown%2fpluginutils set size:undefined disposed:false
79 http fetch GET 200 https://registry.npmjs.org/@babel%2fplugin-transform-react-jsx-self 796ms (cache miss)
80 silly packumentCache full:https://registry.npmjs.org/@babel%2fplugin-transform-react-jsx-self set size:undefined disposed:false
81 http fetch GET 200 https://registry.npmjs.org/react-refresh 1230ms (cache miss)
82 silly packumentCache full:https://registry.npmjs.org/react-refresh set size:undefined disposed:false
83 silly placeDep ROOT @babel/core@7.27.4 OK for: @vitejs/plugin-react@4.5.2 want: ^7.27.4
84 silly placeDep ROOT @babel/plugin-transform-react-jsx-self@7.27.1 OK for: @vitejs/plugin-react@4.5.2 want: ^7.27.1
85 silly placeDep ROOT @babel/plugin-transform-react-jsx-source@7.27.1 OK for: @vitejs/plugin-react@4.5.2 want: ^7.27.1
86 silly placeDep ROOT @rolldown/pluginutils@1.0.0-beta.11 OK for: @vitejs/plugin-react@4.5.2 want: 1.0.0-beta.11
87 silly placeDep ROOT @types/babel__core@7.20.5 OK for: @vitejs/plugin-react@4.5.2 want: ^7.20.5
88 silly placeDep ROOT react-refresh@0.17.0 OK for: @vitejs/plugin-react@4.5.2 want: ^0.17.0
89 silly fetch manifest debug@^4.1.0
90 silly packumentCache full:https://registry.npmjs.org/debug cache-miss
91 silly fetch manifest json5@^2.2.3
92 silly packumentCache full:https://registry.npmjs.org/json5 cache-miss
93 silly fetch manifest semver@^6.3.1
94 silly packumentCache full:https://registry.npmjs.org/semver cache-miss
95 silly fetch manifest gensync@^1.0.0-beta.2
96 silly packumentCache full:https://registry.npmjs.org/gensync cache-miss
97 silly fetch manifest @babel/types@^7.27.3
98 silly packumentCache full:https://registry.npmjs.org/@babel%2ftypes cache-miss
99 silly fetch manifest @babel/parser@^7.27.4
100 silly packumentCache full:https://registry.npmjs.org/@babel%2fparser cache-miss
101 silly fetch manifest @babel/helpers@^7.27.4
102 silly packumentCache full:https://registry.npmjs.org/@babel%2fhelpers cache-miss
103 silly fetch manifest @babel/template@^7.27.2
104 silly packumentCache full:https://registry.npmjs.org/@babel%2ftemplate cache-miss
105 silly fetch manifest @babel/traverse@^7.27.4
106 silly packumentCache full:https://registry.npmjs.org/@babel%2ftraverse cache-miss
107 silly fetch manifest @babel/generator@^7.27.3
108 silly packumentCache full:https://registry.npmjs.org/@babel%2fgenerator cache-miss
109 silly fetch manifest @babel/code-frame@^7.27.1
110 silly packumentCache full:https://registry.npmjs.org/@babel%2fcode-frame cache-miss
111 silly fetch manifest convert-source-map@^2.0.0
112 silly packumentCache full:https://registry.npmjs.org/convert-source-map cache-miss
113 silly fetch manifest @ampproject/remapping@^2.2.0
114 silly packumentCache full:https://registry.npmjs.org/@ampproject%2fremapping cache-miss
115 silly fetch manifest @babel/helper-module-transforms@^7.27.3
116 silly packumentCache full:https://registry.npmjs.org/@babel%2fhelper-module-transforms cache-miss
117 silly fetch manifest @babel/helper-compilation-targets@^7.27.2
118 silly packumentCache full:https://registry.npmjs.org/@babel%2fhelper-compilation-targets cache-miss
119 silly fetch manifest @babel/helper-plugin-utils@^7.27.1
120 silly packumentCache full:https://registry.npmjs.org/@babel%2fhelper-plugin-utils cache-miss
121 silly fetch manifest @babel/helper-plugin-utils@^7.27.1
122 silly packumentCache full:https://registry.npmjs.org/@babel%2fhelper-plugin-utils cache-miss
123 silly fetch manifest @babel/types@^7.20.7
124 silly packumentCache full:https://registry.npmjs.org/@babel%2ftypes cache-miss
125 silly fetch manifest @babel/parser@^7.20.7
126 silly packumentCache full:https://registry.npmjs.org/@babel%2fparser cache-miss
127 http fetch GET 200 https://registry.npmjs.org/json5 193ms (cache miss)
128 silly packumentCache full:https://registry.npmjs.org/json5 set size:undefined disposed:false
129 silly fetch manifest @types/babel__template@*
130 silly packumentCache full:https://registry.npmjs.org/@types%2fbabel__template cache-miss
131 http fetch GET 200 https://registry.npmjs.org/@babel%2fhelpers 220ms (cache miss)
132 silly packumentCache full:https://registry.npmjs.org/@babel%2fhelpers set size:undefined disposed:false
133 silly fetch manifest @types/babel__traverse@*
134 silly packumentCache full:https://registry.npmjs.org/@types%2fbabel__traverse cache-miss
135 http fetch GET 200 https://registry.npmjs.org/gensync 227ms (cache miss)
136 silly packumentCache full:https://registry.npmjs.org/gensync set size:undefined disposed:false
137 silly fetch manifest @types/babel__generator@*
138 silly packumentCache full:https://registry.npmjs.org/@types%2fbabel__generator cache-miss
139 http fetch GET 200 https://registry.npmjs.org/debug 228ms (cache miss)
140 silly packumentCache full:https://registry.npmjs.org/debug set size:undefined disposed:false
141 http fetch GET 200 https://registry.npmjs.org/semver 232ms (cache miss)
142 silly packumentCache full:https://registry.npmjs.org/semver set size:undefined disposed:false
143 http fetch GET 200 https://registry.npmjs.org/@babel%2ftypes 244ms (cache miss)
144 silly packumentCache full:https://registry.npmjs.org/@babel%2ftypes set size:undefined disposed:false
145 http fetch GET 200 https://registry.npmjs.org/@babel%2ftypes 409ms (cache miss)
146 silly packumentCache full:https://registry.npmjs.org/@babel%2ftypes set size:undefined disposed:false
147 http fetch GET 200 https://registry.npmjs.org/@babel%2fhelper-plugin-utils 415ms (cache miss)
148 silly packumentCache full:https://registry.npmjs.org/@babel%2fhelper-plugin-utils set size:undefined disposed:false
149 http fetch GET 200 https://registry.npmjs.org/@babel%2fhelper-plugin-utils 439ms (cache miss)
150 silly packumentCache full:https://registry.npmjs.org/@babel%2fhelper-plugin-utils set size:undefined disposed:false
151 http fetch GET 200 https://registry.npmjs.org/@types%2fbabel__template 253ms (cache miss)
152 silly packumentCache full:https://registry.npmjs.org/@types%2fbabel__template set size:undefined disposed:false
153 http fetch GET 200 https://registry.npmjs.org/@babel%2fparser 467ms (cache miss)
154 silly packumentCache full:https://registry.npmjs.org/@babel%2fparser set size:undefined disposed:false
155 http fetch GET 200 https://registry.npmjs.org/@types%2fbabel__traverse 252ms (cache miss)
156 silly packumentCache full:https://registry.npmjs.org/@types%2fbabel__traverse set size:undefined disposed:false
157 http fetch GET 200 https://registry.npmjs.org/@types%2fbabel__generator 410ms (cache miss)
158 silly packumentCache full:https://registry.npmjs.org/@types%2fbabel__generator set size:undefined disposed:false
159 http fetch GET 200 https://registry.npmjs.org/@babel%2ftemplate 751ms (cache miss)
160 silly packumentCache full:https://registry.npmjs.org/@babel%2ftemplate set size:undefined disposed:false
161 http fetch GET 200 https://registry.npmjs.org/@babel%2ftraverse 769ms (cache miss)
162 silly packumentCache full:https://registry.npmjs.org/@babel%2ftraverse set size:undefined disposed:false
163 http fetch GET 200 https://registry.npmjs.org/convert-source-map 778ms (cache miss)
164 silly packumentCache full:https://registry.npmjs.org/convert-source-map set size:undefined disposed:false
165 http fetch GET 200 https://registry.npmjs.org/@babel%2fhelper-compilation-targets 803ms (cache miss)
166 silly packumentCache full:https://registry.npmjs.org/@babel%2fhelper-compilation-targets set size:undefined disposed:false
167 http fetch GET 200 https://registry.npmjs.org/@ampproject%2fremapping 808ms (cache miss)
168 silly packumentCache full:https://registry.npmjs.org/@ampproject%2fremapping set size:undefined disposed:false
169 http fetch GET 200 https://registry.npmjs.org/@babel%2fparser 810ms (cache miss)
170 silly packumentCache full:https://registry.npmjs.org/@babel%2fparser set size:undefined disposed:false
171 http fetch GET 200 https://registry.npmjs.org/@babel%2fcode-frame 822ms (cache miss)
172 silly packumentCache full:https://registry.npmjs.org/@babel%2fcode-frame set size:undefined disposed:false
173 http fetch GET 200 https://registry.npmjs.org/@babel%2fhelper-module-transforms 828ms (cache miss)
174 silly packumentCache full:https://registry.npmjs.org/@babel%2fhelper-module-transforms set size:undefined disposed:false
175 http fetch GET 200 https://registry.npmjs.org/@babel%2fgenerator 879ms (cache miss)
176 silly packumentCache full:https://registry.npmjs.org/@babel%2fgenerator set size:undefined disposed:false
177 silly fetch manifest @babel/core@^7.0.0
178 silly packumentCache full:https://registry.npmjs.org/@babel%2fcore cache-miss
179 http cache https://registry.npmjs.org/@babel%2fcore 4ms (cache hit)
180 silly packumentCache full:https://registry.npmjs.org/@babel%2fcore set size:711990 disposed:false
181 silly placeDep ROOT @ampproject/remapping@2.3.0 OK for: @babel/core@7.27.4 want: ^2.2.0
182 silly placeDep ROOT @babel/code-frame@7.27.1 OK for: @babel/core@7.27.4 want: ^7.27.1
183 silly placeDep ROOT @babel/generator@7.27.5 OK for: @babel/core@7.27.4 want: ^7.27.3
184 silly placeDep ROOT @babel/helper-compilation-targets@7.27.2 OK for: @babel/core@7.27.4 want: ^7.27.2
185 silly placeDep ROOT @babel/helper-module-transforms@7.27.3 OK for: @babel/core@7.27.4 want: ^7.27.3
186 silly placeDep ROOT @babel/helpers@7.27.6 OK for: @babel/core@7.27.4 want: ^7.27.4
187 silly placeDep ROOT @babel/parser@7.27.5 OK for: @babel/core@7.27.4 want: ^7.27.4
188 silly placeDep ROOT @babel/template@7.27.2 OK for: @babel/core@7.27.4 want: ^7.27.2
189 silly placeDep ROOT @babel/traverse@7.27.4 OK for: @babel/core@7.27.4 want: ^7.27.4
190 silly placeDep ROOT @babel/types@7.27.6 OK for: @babel/core@7.27.4 want: ^7.27.3
191 silly placeDep ROOT convert-source-map@2.0.0 OK for: @babel/core@7.27.4 want: ^2.0.0
192 silly placeDep ROOT debug@4.4.1 OK for: @babel/core@7.27.4 want: ^4.1.0
193 silly placeDep ROOT gensync@1.0.0-beta.2 OK for: @babel/core@7.27.4 want: ^1.0.0-beta.2
194 silly placeDep ROOT json5@2.2.3 OK for: @babel/core@7.27.4 want: ^2.2.3
195 silly placeDep ROOT semver@6.3.1 OK for: @babel/core@7.27.4 want: ^6.3.1
196 silly fetch manifest @jridgewell/gen-mapping@^0.3.5
197 silly packumentCache full:https://registry.npmjs.org/@jridgewell%2fgen-mapping cache-miss
198 silly fetch manifest @jridgewell/trace-mapping@^0.3.24
199 silly packumentCache full:https://registry.npmjs.org/@jridgewell%2ftrace-mapping cache-miss
200 silly fetch manifest @babel/helper-validator-identifier@^7.27.1
201 silly packumentCache full:https://registry.npmjs.org/@babel%2fhelper-validator-identifier cache-miss
202 silly fetch manifest @babel/parser@^7.27.5
203 silly packumentCache full:https://registry.npmjs.org/@babel%2fparser cache-miss
204 silly fetch manifest @jridgewell/gen-mapping@^0.3.5
205 silly packumentCache full:https://registry.npmjs.org/@jridgewell%2fgen-mapping cache-miss
206 silly fetch manifest @jridgewell/trace-mapping@^0.3.25
207 silly packumentCache full:https://registry.npmjs.org/@jridgewell%2ftrace-mapping cache-miss
208 silly fetch manifest jsesc@^3.0.2
209 silly packumentCache full:https://registry.npmjs.org/jsesc cache-miss
210 silly fetch manifest lru-cache@^5.1.1
211 silly packumentCache full:https://registry.npmjs.org/lru-cache cache-miss
212 silly fetch manifest browserslist@^4.24.0
213 silly packumentCache full:https://registry.npmjs.org/browserslist cache-miss
214 silly fetch manifest @babel/compat-data@^7.27.2
215 silly packumentCache full:https://registry.npmjs.org/@babel%2fcompat-data cache-miss
216 silly fetch manifest @babel/helper-validator-option@^7.27.1
217 silly packumentCache full:https://registry.npmjs.org/@babel%2fhelper-validator-option cache-miss
218 silly fetch manifest @babel/traverse@^7.27.3
219 silly packumentCache full:https://registry.npmjs.org/@babel%2ftraverse cache-miss
220 silly fetch manifest @babel/helper-module-imports@^7.27.1
221 silly packumentCache full:https://registry.npmjs.org/@babel%2fhelper-module-imports cache-miss
222 silly fetch manifest @babel/helper-validator-identifier@^7.27.1
223 silly packumentCache full:https://registry.npmjs.org/@babel%2fhelper-validator-identifier cache-miss
224 silly fetch manifest @babel/types@^7.27.6
225 silly packumentCache full:https://registry.npmjs.org/@babel%2ftypes cache-miss
226 silly fetch manifest @babel/types@^7.27.1
227 silly packumentCache full:https://registry.npmjs.org/@babel%2ftypes cache-miss
228 silly fetch manifest debug@^4.3.1
229 silly packumentCache full:https://registry.npmjs.org/debug cache-miss
230 silly fetch manifest globals@^11.1.0
231 silly packumentCache full:https://registry.npmjs.org/globals cache-miss
232 silly fetch manifest @babel/helper-string-parser@^7.27.1
233 silly packumentCache full:https://registry.npmjs.org/@babel%2fhelper-string-parser cache-miss
234 http cache https://registry.npmjs.org/@babel%2ftraverse 13ms (cache hit)
235 silly packumentCache full:https://registry.npmjs.org/@babel%2ftraverse set size:519050 disposed:false
236 silly fetch manifest @babel/helper-validator-identifier@^7.27.1
237 silly packumentCache full:https://registry.npmjs.org/@babel%2fhelper-validator-identifier cache-miss
238 http cache https://registry.npmjs.org/@babel%2fparser 16ms (cache hit)
239 silly packumentCache full:https://registry.npmjs.org/@babel%2fparser set size:685017 disposed:false
240 silly fetch manifest ms@^2.1.3
241 silly packumentCache full:https://registry.npmjs.org/ms cache-miss
242 http cache https://registry.npmjs.org/@babel%2ftypes 18ms (cache hit)
243 silly packumentCache full:https://registry.npmjs.org/@babel%2ftypes set size:458173 disposed:false
244 http cache https://registry.npmjs.org/debug 21ms (cache hit)
245 silly packumentCache full:https://registry.npmjs.org/debug set size:193521 disposed:false
246 http cache https://registry.npmjs.org/@babel%2ftypes 22ms (cache hit)
247 silly packumentCache full:https://registry.npmjs.org/@babel%2ftypes set size:458173 disposed:false
248 silly packumentCache full:https://registry.npmjs.org/@babel%2ftypes dispose
249 http fetch GET 200 https://registry.npmjs.org/jsesc 206ms (cache miss)
250 silly packumentCache full:https://registry.npmjs.org/jsesc set size:undefined disposed:false
251 http fetch GET 200 https://registry.npmjs.org/globals 220ms (cache miss)
252 silly packumentCache full:https://registry.npmjs.org/globals set size:undefined disposed:false
253 http fetch GET 200 https://registry.npmjs.org/lru-cache 234ms (cache miss)
254 silly packumentCache full:https://registry.npmjs.org/lru-cache set size:undefined disposed:false
255 http fetch GET 200 https://registry.npmjs.org/@babel%2fhelper-validator-identifier 241ms (cache miss)
256 silly packumentCache full:https://registry.npmjs.org/@babel%2fhelper-validator-identifier set size:undefined disposed:false
257 http fetch GET 200 https://registry.npmjs.org/@jridgewell%2fgen-mapping 243ms (cache miss)
258 silly packumentCache full:https://registry.npmjs.org/@jridgewell%2fgen-mapping set size:undefined disposed:false
259 http fetch GET 200 https://registry.npmjs.org/@jridgewell%2fgen-mapping 244ms (cache miss)
260 silly packumentCache full:https://registry.npmjs.org/@jridgewell%2fgen-mapping set size:undefined disposed:false
261 http fetch GET 200 https://registry.npmjs.org/@babel%2fhelper-module-imports 244ms (cache miss)
262 silly packumentCache full:https://registry.npmjs.org/@babel%2fhelper-module-imports set size:undefined disposed:false
263 http fetch GET 200 https://registry.npmjs.org/@babel%2fhelper-validator-option 247ms (cache miss)
264 silly packumentCache full:https://registry.npmjs.org/@babel%2fhelper-validator-option set size:undefined disposed:false
265 http fetch GET 200 https://registry.npmjs.org/@babel%2fcompat-data 247ms (cache miss)
266 silly packumentCache full:https://registry.npmjs.org/@babel%2fcompat-data set size:undefined disposed:false
267 http fetch GET 200 https://registry.npmjs.org/browserslist 249ms (cache miss)
268 silly packumentCache full:https://registry.npmjs.org/browserslist set size:undefined disposed:false
269 http fetch GET 200 https://registry.npmjs.org/@babel%2fhelper-string-parser 249ms (cache miss)
270 silly packumentCache full:https://registry.npmjs.org/@babel%2fhelper-string-parser set size:undefined disposed:false
271 http fetch GET 200 https://registry.npmjs.org/@babel%2fhelper-validator-identifier 252ms (cache miss)
272 silly packumentCache full:https://registry.npmjs.org/@babel%2fhelper-validator-identifier set size:undefined disposed:false
273 http fetch GET 200 https://registry.npmjs.org/@babel%2fhelper-validator-identifier 238ms (cache miss)
274 silly packumentCache full:https://registry.npmjs.org/@babel%2fhelper-validator-identifier set size:undefined disposed:false
275 http fetch GET 200 https://registry.npmjs.org/@jridgewell%2ftrace-mapping 253ms (cache miss)
276 silly packumentCache full:https://registry.npmjs.org/@jridgewell%2ftrace-mapping set size:undefined disposed:false
277 http fetch GET 200 https://registry.npmjs.org/@jridgewell%2ftrace-mapping 254ms (cache miss)
278 silly packumentCache full:https://registry.npmjs.org/@jridgewell%2ftrace-mapping set size:undefined disposed:false
279 http fetch GET 200 https://registry.npmjs.org/ms 375ms (cache miss)
280 silly packumentCache full:https://registry.npmjs.org/ms set size:undefined disposed:false
281 silly placeDep ROOT @jridgewell/gen-mapping@0.3.8 OK for: @ampproject/remapping@2.3.0 want: ^0.3.5
282 silly placeDep ROOT @jridgewell/trace-mapping@0.3.25 OK for: @ampproject/remapping@2.3.0 want: ^0.3.24
283 silly fetch manifest @jridgewell/set-array@^1.2.1
284 silly packumentCache full:https://registry.npmjs.org/@jridgewell%2fset-array cache-miss
285 silly fetch manifest @jridgewell/sourcemap-codec@^1.4.10
286 silly packumentCache full:https://registry.npmjs.org/@jridgewell%2fsourcemap-codec cache-miss
287 silly fetch manifest @jridgewell/resolve-uri@^3.1.0
288 silly packumentCache full:https://registry.npmjs.org/@jridgewell%2fresolve-uri cache-miss
289 silly fetch manifest @jridgewell/sourcemap-codec@^1.4.14
290 silly packumentCache full:https://registry.npmjs.org/@jridgewell%2fsourcemap-codec cache-miss
291 http fetch GET 200 https://registry.npmjs.org/@jridgewell%2fresolve-uri 203ms (cache miss)
292 silly packumentCache full:https://registry.npmjs.org/@jridgewell%2fresolve-uri set size:undefined disposed:false
293 http fetch GET 200 https://registry.npmjs.org/@jridgewell%2fsourcemap-codec 208ms (cache miss)
294 silly packumentCache full:https://registry.npmjs.org/@jridgewell%2fsourcemap-codec set size:undefined disposed:false
295 http fetch GET 200 https://registry.npmjs.org/@jridgewell%2fsourcemap-codec 211ms (cache miss)
296 silly packumentCache full:https://registry.npmjs.org/@jridgewell%2fsourcemap-codec set size:undefined disposed:false
297 http fetch GET 200 https://registry.npmjs.org/@jridgewell%2fset-array 213ms (cache miss)
298 silly packumentCache full:https://registry.npmjs.org/@jridgewell%2fset-array set size:undefined disposed:false
299 silly placeDep ROOT @babel/helper-validator-identifier@7.27.1 OK for: @babel/code-frame@7.27.1 want: ^7.27.1
300 silly placeDep ROOT jsesc@3.1.0 OK for: @babel/generator@7.27.5 want: ^3.0.2
301 silly placeDep ROOT @babel/compat-data@7.27.5 OK for: @babel/helper-compilation-targets@7.27.2 want: ^7.27.2
302 silly placeDep ROOT @babel/helper-validator-option@7.27.1 OK for: @babel/helper-compilation-targets@7.27.2 want: ^7.27.1
303 silly placeDep ROOT browserslist@4.25.0 OK for: @babel/helper-compilation-targets@7.27.2 want: ^4.24.0
304 silly placeDep ROOT lru-cache@5.1.1 OK for: @babel/helper-compilation-targets@7.27.2 want: ^5.1.1
305 silly fetch manifest caniuse-lite@^1.0.30001718
306 silly packumentCache full:https://registry.npmjs.org/caniuse-lite cache-miss
307 silly fetch manifest electron-to-chromium@^1.5.160
308 silly packumentCache full:https://registry.npmjs.org/electron-to-chromium cache-miss
309 silly fetch manifest node-releases@^2.0.19
310 silly packumentCache full:https://registry.npmjs.org/node-releases cache-miss
311 silly fetch manifest update-browserslist-db@^1.1.3
312 silly packumentCache full:https://registry.npmjs.org/update-browserslist-db cache-miss
313 silly fetch manifest yallist@^3.0.2
314 silly packumentCache full:https://registry.npmjs.org/yallist cache-miss
315 http fetch GET 200 https://registry.npmjs.org/update-browserslist-db 201ms (cache miss)
316 silly packumentCache full:https://registry.npmjs.org/update-browserslist-db set size:undefined disposed:false
317 http fetch GET 200 https://registry.npmjs.org/yallist 202ms (cache miss)
318 silly packumentCache full:https://registry.npmjs.org/yallist set size:undefined disposed:false
319 http fetch GET 200 https://registry.npmjs.org/node-releases 221ms (cache miss)
320 silly packumentCache full:https://registry.npmjs.org/node-releases set size:undefined disposed:false
321 http fetch GET 200 https://registry.npmjs.org/caniuse-lite 575ms (cache miss)
322 silly packumentCache full:https://registry.npmjs.org/caniuse-lite set size:undefined disposed:false
323 http fetch GET 200 https://registry.npmjs.org/electron-to-chromium 752ms (cache miss)
324 silly packumentCache full:https://registry.npmjs.org/electron-to-chromium set size:undefined disposed:false
325 silly placeDep ROOT @babel/helper-module-imports@7.27.1 OK for: @babel/helper-module-transforms@7.27.3 want: ^7.27.1
326 silly placeDep ROOT @babel/helper-plugin-utils@7.27.1 OK for: @babel/plugin-transform-react-jsx-self@7.27.1 want: ^7.27.1
327 silly placeDep ROOT globals@11.12.0 OK for: @babel/traverse@7.27.4 want: ^11.1.0
328 silly placeDep ROOT @babel/helper-string-parser@7.27.1 OK for: @babel/types@7.27.6 want: ^7.27.1
329 silly placeDep ROOT @jridgewell/set-array@1.2.1 OK for: @jridgewell/gen-mapping@0.3.8 want: ^1.2.1
330 silly placeDep ROOT @jridgewell/sourcemap-codec@1.5.0 OK for: @jridgewell/gen-mapping@0.3.8 want: ^1.4.10
331 silly placeDep ROOT @jridgewell/resolve-uri@3.1.2 OK for: @jridgewell/trace-mapping@0.3.25 want: ^3.1.0
332 silly placeDep ROOT @types/babel__generator@7.27.0 OK for: @types/babel__core@7.20.5 want: *
333 silly placeDep ROOT @types/babel__template@7.4.4 OK for: @types/babel__core@7.20.5 want: *
334 silly placeDep ROOT @types/babel__traverse@7.20.7 OK for: @types/babel__core@7.20.5 want: *
335 silly fetch manifest browserslist@>= 4.21.0
336 silly packumentCache full:https://registry.npmjs.org/browserslist cache-miss
337 http cache https://registry.npmjs.org/browserslist 6ms (cache hit)
338 silly packumentCache full:https://registry.npmjs.org/browserslist set size:480922 disposed:false
339 silly placeDep ROOT caniuse-lite@1.0.30001723 OK for: browserslist@4.25.0 want: ^1.0.30001718
340 silly placeDep ROOT electron-to-chromium@1.5.167 OK for: browserslist@4.25.0 want: ^1.5.160
341 silly placeDep ROOT node-releases@2.0.19 OK for: browserslist@4.25.0 want: ^2.0.19
342 silly placeDep ROOT update-browserslist-db@1.1.3 OK for: browserslist@4.25.0 want: ^1.1.3
343 silly fetch manifest escalade@^3.2.0
344 silly packumentCache full:https://registry.npmjs.org/escalade cache-miss
345 http fetch GET 200 https://registry.npmjs.org/escalade 193ms (cache miss)
346 silly packumentCache full:https://registry.npmjs.org/escalade set size:undefined disposed:false
347 silly placeDep ROOT ms@2.1.3 OK for: debug@4.4.1 want: ^2.1.3
348 silly placeDep ROOT yallist@3.1.1 OK for: lru-cache@5.1.1 want: ^3.0.2
349 silly placeDep ROOT escalade@3.2.0 OK for: update-browserslist-db@1.1.3 want: ^3.2.0
350 silly reify moves {}
351 silly audit bulk request {
351 silly audit   '@esbuild/aix-ppc64': [ '0.21.5' ],
351 silly audit   '@esbuild/android-arm': [ '0.21.5' ],
351 silly audit   '@esbuild/android-arm64': [ '0.21.5' ],
351 silly audit   '@esbuild/android-x64': [ '0.21.5' ],
351 silly audit   '@esbuild/darwin-arm64': [ '0.21.5' ],
351 silly audit   '@esbuild/darwin-x64': [ '0.21.5' ],
351 silly audit   '@esbuild/freebsd-arm64': [ '0.21.5' ],
351 silly audit   '@esbuild/freebsd-x64': [ '0.21.5' ],
351 silly audit   '@esbuild/linux-arm': [ '0.21.5' ],
351 silly audit   '@esbuild/linux-arm64': [ '0.21.5' ],
351 silly audit   '@esbuild/linux-ia32': [ '0.21.5' ],
351 silly audit   '@esbuild/linux-loong64': [ '0.21.5' ],
351 silly audit   '@esbuild/linux-mips64el': [ '0.21.5' ],
351 silly audit   '@esbuild/linux-ppc64': [ '0.21.5' ],
351 silly audit   '@esbuild/linux-riscv64': [ '0.21.5' ],
351 silly audit   '@esbuild/linux-s390x': [ '0.21.5' ],
351 silly audit   '@esbuild/linux-x64': [ '0.21.5' ],
351 silly audit   '@esbuild/netbsd-x64': [ '0.21.5' ],
351 silly audit   '@esbuild/openbsd-x64': [ '0.21.5' ],
351 silly audit   '@esbuild/sunos-x64': [ '0.21.5' ],
351 silly audit   '@esbuild/win32-arm64': [ '0.21.5' ],
351 silly audit   '@esbuild/win32-ia32': [ '0.21.5' ],
351 silly audit   '@esbuild/win32-x64': [ '0.21.5' ],
351 silly audit   '@remix-run/router': [ '1.23.0' ],
351 silly audit   '@rollup/rollup-android-arm-eabi': [ '4.43.0' ],
351 silly audit   '@rollup/rollup-android-arm64': [ '4.43.0' ],
351 silly audit   '@rollup/rollup-darwin-arm64': [ '4.43.0' ],
351 silly audit   '@rollup/rollup-darwin-x64': [ '4.43.0' ],
351 silly audit   '@rollup/rollup-freebsd-arm64': [ '4.43.0' ],
351 silly audit   '@rollup/rollup-freebsd-x64': [ '4.43.0' ],
351 silly audit   '@rollup/rollup-linux-arm-gnueabihf': [ '4.43.0' ],
351 silly audit   '@rollup/rollup-linux-arm-musleabihf': [ '4.43.0' ],
351 silly audit   '@rollup/rollup-linux-arm64-gnu': [ '4.43.0' ],
351 silly audit   '@rollup/rollup-linux-arm64-musl': [ '4.43.0' ],
351 silly audit   '@rollup/rollup-linux-loongarch64-gnu': [ '4.43.0' ],
351 silly audit   '@rollup/rollup-linux-powerpc64le-gnu': [ '4.43.0' ],
351 silly audit   '@rollup/rollup-linux-riscv64-gnu': [ '4.43.0' ],
351 silly audit   '@rollup/rollup-linux-riscv64-musl': [ '4.43.0' ],
351 silly audit   '@rollup/rollup-linux-s390x-gnu': [ '4.43.0' ],
351 silly audit   '@rollup/rollup-linux-x64-gnu': [ '4.43.0' ],
351 silly audit   '@rollup/rollup-linux-x64-musl': [ '4.43.0' ],
351 silly audit   '@rollup/rollup-win32-arm64-msvc': [ '4.43.0' ],
351 silly audit   '@rollup/rollup-win32-ia32-msvc': [ '4.43.0' ],
351 silly audit   '@rollup/rollup-win32-x64-msvc': [ '4.43.0' ],
351 silly audit   '@types/estree': [ '1.0.7' ],
351 silly audit   esbuild: [ '0.21.5' ],
351 silly audit   fsevents: [ '2.3.3' ],
351 silly audit   'js-tokens': [ '4.0.0' ],
351 silly audit   'loose-envify': [ '1.4.0' ],
351 silly audit   nanoid: [ '3.3.11' ],
351 silly audit   picocolors: [ '1.1.1' ],
351 silly audit   postcss: [ '8.5.5' ],
351 silly audit   react: [ '18.3.1' ],
351 silly audit   'react-dom': [ '18.3.1' ],
351 silly audit   'react-router': [ '6.30.1' ],
351 silly audit   'react-router-dom': [ '6.30.1' ],
351 silly audit   rollup: [ '4.43.0' ],
351 silly audit   scheduler: [ '0.23.2' ],
351 silly audit   'source-map-js': [ '1.2.1' ],
351 silly audit   vite: [ '5.4.19' ],
351 silly audit   '@vitejs/plugin-react': [ '4.5.2' ],
351 silly audit   '@babel/core': [ '7.27.4' ],
351 silly audit   '@babel/plugin-transform-react-jsx-self': [ '7.27.1' ],
351 silly audit   '@babel/plugin-transform-react-jsx-source': [ '7.27.1' ],
351 silly audit   '@rolldown/pluginutils': [ '1.0.0-beta.11' ],
351 silly audit   '@types/babel__core': [ '7.20.5' ],
351 silly audit   'react-refresh': [ '0.17.0' ],
351 silly audit   '@ampproject/remapping': [ '2.3.0' ],
351 silly audit   '@babel/code-frame': [ '7.27.1' ],
351 silly audit   '@babel/generator': [ '7.27.5' ],
351 silly audit   '@babel/helper-compilation-targets': [ '7.27.2' ],
351 silly audit   '@babel/helper-module-transforms': [ '7.27.3' ],
351 silly audit   '@babel/helpers': [ '7.27.6' ],
351 silly audit   '@babel/parser': [ '7.27.5' ],
351 silly audit   '@babel/template': [ '7.27.2' ],
351 silly audit   '@babel/traverse': [ '7.27.4' ],
351 silly audit   '@babel/types': [ '7.27.6' ],
351 silly audit   'convert-source-map': [ '2.0.0' ],
351 silly audit   debug: [ '4.4.1' ],
351 silly audit   gensync: [ '1.0.0-beta.2' ],
351 silly audit   json5: [ '2.2.3' ],
351 silly audit   semver: [ '6.3.1' ],
351 silly audit   '@jridgewell/gen-mapping': [ '0.3.8' ],
351 silly audit   '@jridgewell/trace-mapping': [ '0.3.25' ],
351 silly audit   '@babel/helper-validator-identifier': [ '7.27.1' ],
351 silly audit   jsesc: [ '3.1.0' ],
351 silly audit   '@babel/compat-data': [ '7.27.5' ],
351 silly audit   '@babel/helper-validator-option': [ '7.27.1' ],
351 silly audit   browserslist: [ '4.25.0' ],
351 silly audit   'lru-cache': [ '5.1.1' ],
351 silly audit   '@babel/helper-module-imports': [ '7.27.1' ],
351 silly audit   '@babel/helper-plugin-utils': [ '7.27.1' ],
351 silly audit   globals: [ '11.12.0' ],
351 silly audit   '@babel/helper-string-parser': [ '7.27.1' ],
351 silly audit   '@jridgewell/set-array': [ '1.2.1' ],
351 silly audit   '@jridgewell/sourcemap-codec': [ '1.5.0' ],
351 silly audit   '@jridgewell/resolve-uri': [ '3.1.2' ],
351 silly audit   '@types/babel__generator': [ '7.27.0' ],
351 silly audit   '@types/babel__template': [ '7.4.4' ],
351 silly audit   '@types/babel__traverse': [ '7.20.7' ],
351 silly audit   'caniuse-lite': [ '1.0.30001723' ],
351 silly audit   'electron-to-chromium': [ '1.5.167' ],
351 silly audit   'node-releases': [ '2.0.19' ],
351 silly audit   'update-browserslist-db': [ '1.1.3' ],
351 silly audit   ms: [ '2.1.3' ],
351 silly audit   yallist: [ '3.1.1' ],
351 silly audit   escalade: [ '3.2.0' ]
351 silly audit }
352 verbose reify failed optional dependency E:\Github\i3nya\node_modules\fsevents
353 silly reify mark deleted [ 'E:\\Github\\i3nya\\node_modules\\fsevents' ]
354 verbose reify failed optional dependency E:\Github\i3nya\node_modules\@rollup\rollup-win32-ia32-msvc
355 silly reify mark deleted [ 'E:\\Github\\i3nya\\node_modules\\@rollup\\rollup-win32-ia32-msvc' ]
356 verbose reify failed optional dependency E:\Github\i3nya\node_modules\@rollup\rollup-win32-arm64-msvc
357 silly reify mark deleted [ 'E:\\Github\\i3nya\\node_modules\\@rollup\\rollup-win32-arm64-msvc' ]
358 verbose reify failed optional dependency E:\Github\i3nya\node_modules\@rollup\rollup-linux-x64-musl
359 silly reify mark deleted [ 'E:\\Github\\i3nya\\node_modules\\@rollup\\rollup-linux-x64-musl' ]
360 verbose reify failed optional dependency E:\Github\i3nya\node_modules\@rollup\rollup-linux-x64-gnu
361 silly reify mark deleted [ 'E:\\Github\\i3nya\\node_modules\\@rollup\\rollup-linux-x64-gnu' ]
362 verbose reify failed optional dependency E:\Github\i3nya\node_modules\@rollup\rollup-linux-s390x-gnu
363 silly reify mark deleted [ 'E:\\Github\\i3nya\\node_modules\\@rollup\\rollup-linux-s390x-gnu' ]
364 verbose reify failed optional dependency E:\Github\i3nya\node_modules\@rollup\rollup-linux-riscv64-musl
365 silly reify mark deleted [
365 silly reify   'E:\\Github\\i3nya\\node_modules\\@rollup\\rollup-linux-riscv64-musl'
365 silly reify ]
366 verbose reify failed optional dependency E:\Github\i3nya\node_modules\@rollup\rollup-linux-riscv64-gnu
367 silly reify mark deleted [
367 silly reify   'E:\\Github\\i3nya\\node_modules\\@rollup\\rollup-linux-riscv64-gnu'
367 silly reify ]
368 verbose reify failed optional dependency E:\Github\i3nya\node_modules\@rollup\rollup-linux-powerpc64le-gnu
369 silly reify mark deleted [
369 silly reify   'E:\\Github\\i3nya\\node_modules\\@rollup\\rollup-linux-powerpc64le-gnu'
369 silly reify ]
370 verbose reify failed optional dependency E:\Github\i3nya\node_modules\@rollup\rollup-linux-loongarch64-gnu
371 silly reify mark deleted [
371 silly reify   'E:\\Github\\i3nya\\node_modules\\@rollup\\rollup-linux-loongarch64-gnu'
371 silly reify ]
372 verbose reify failed optional dependency E:\Github\i3nya\node_modules\@rollup\rollup-linux-arm64-musl
373 silly reify mark deleted [ 'E:\\Github\\i3nya\\node_modules\\@rollup\\rollup-linux-arm64-musl' ]
374 verbose reify failed optional dependency E:\Github\i3nya\node_modules\@rollup\rollup-linux-arm64-gnu
375 silly reify mark deleted [ 'E:\\Github\\i3nya\\node_modules\\@rollup\\rollup-linux-arm64-gnu' ]
376 verbose reify failed optional dependency E:\Github\i3nya\node_modules\@rollup\rollup-linux-arm-musleabihf
377 silly reify mark deleted [
377 silly reify   'E:\\Github\\i3nya\\node_modules\\@rollup\\rollup-linux-arm-musleabihf'
377 silly reify ]
378 verbose reify failed optional dependency E:\Github\i3nya\node_modules\@rollup\rollup-linux-arm-gnueabihf
379 silly reify mark deleted [
379 silly reify   'E:\\Github\\i3nya\\node_modules\\@rollup\\rollup-linux-arm-gnueabihf'
379 silly reify ]
380 verbose reify failed optional dependency E:\Github\i3nya\node_modules\@rollup\rollup-freebsd-x64
381 silly reify mark deleted [ 'E:\\Github\\i3nya\\node_modules\\@rollup\\rollup-freebsd-x64' ]
382 verbose reify failed optional dependency E:\Github\i3nya\node_modules\@rollup\rollup-freebsd-arm64
383 silly reify mark deleted [ 'E:\\Github\\i3nya\\node_modules\\@rollup\\rollup-freebsd-arm64' ]
384 verbose reify failed optional dependency E:\Github\i3nya\node_modules\@rollup\rollup-darwin-x64
385 silly reify mark deleted [ 'E:\\Github\\i3nya\\node_modules\\@rollup\\rollup-darwin-x64' ]
386 verbose reify failed optional dependency E:\Github\i3nya\node_modules\@rollup\rollup-darwin-arm64
387 silly reify mark deleted [ 'E:\\Github\\i3nya\\node_modules\\@rollup\\rollup-darwin-arm64' ]
388 verbose reify failed optional dependency E:\Github\i3nya\node_modules\@rollup\rollup-android-arm64
389 silly reify mark deleted [ 'E:\\Github\\i3nya\\node_modules\\@rollup\\rollup-android-arm64' ]
390 verbose reify failed optional dependency E:\Github\i3nya\node_modules\@rollup\rollup-android-arm-eabi
391 silly reify mark deleted [ 'E:\\Github\\i3nya\\node_modules\\@rollup\\rollup-android-arm-eabi' ]
392 verbose reify failed optional dependency E:\Github\i3nya\node_modules\@esbuild\win32-ia32
393 silly reify mark deleted [ 'E:\\Github\\i3nya\\node_modules\\@esbuild\\win32-ia32' ]
394 verbose reify failed optional dependency E:\Github\i3nya\node_modules\@esbuild\win32-arm64
395 silly reify mark deleted [ 'E:\\Github\\i3nya\\node_modules\\@esbuild\\win32-arm64' ]
396 verbose reify failed optional dependency E:\Github\i3nya\node_modules\@esbuild\sunos-x64
397 silly reify mark deleted [ 'E:\\Github\\i3nya\\node_modules\\@esbuild\\sunos-x64' ]
398 verbose reify failed optional dependency E:\Github\i3nya\node_modules\@esbuild\openbsd-x64
399 silly reify mark deleted [ 'E:\\Github\\i3nya\\node_modules\\@esbuild\\openbsd-x64' ]
400 verbose reify failed optional dependency E:\Github\i3nya\node_modules\@esbuild\netbsd-x64
401 silly reify mark deleted [ 'E:\\Github\\i3nya\\node_modules\\@esbuild\\netbsd-x64' ]
402 verbose reify failed optional dependency E:\Github\i3nya\node_modules\@esbuild\linux-x64
403 silly reify mark deleted [ 'E:\\Github\\i3nya\\node_modules\\@esbuild\\linux-x64' ]
404 verbose reify failed optional dependency E:\Github\i3nya\node_modules\@esbuild\linux-s390x
405 silly reify mark deleted [ 'E:\\Github\\i3nya\\node_modules\\@esbuild\\linux-s390x' ]
406 verbose reify failed optional dependency E:\Github\i3nya\node_modules\@esbuild\linux-riscv64
407 silly reify mark deleted [ 'E:\\Github\\i3nya\\node_modules\\@esbuild\\linux-riscv64' ]
408 verbose reify failed optional dependency E:\Github\i3nya\node_modules\@esbuild\linux-ppc64
409 silly reify mark deleted [ 'E:\\Github\\i3nya\\node_modules\\@esbuild\\linux-ppc64' ]
410 verbose reify failed optional dependency E:\Github\i3nya\node_modules\@esbuild\linux-mips64el
411 silly reify mark deleted [ 'E:\\Github\\i3nya\\node_modules\\@esbuild\\linux-mips64el' ]
412 verbose reify failed optional dependency E:\Github\i3nya\node_modules\@esbuild\linux-loong64
413 silly reify mark deleted [ 'E:\\Github\\i3nya\\node_modules\\@esbuild\\linux-loong64' ]
414 verbose reify failed optional dependency E:\Github\i3nya\node_modules\@esbuild\linux-ia32
415 silly reify mark deleted [ 'E:\\Github\\i3nya\\node_modules\\@esbuild\\linux-ia32' ]
416 verbose reify failed optional dependency E:\Github\i3nya\node_modules\@esbuild\linux-arm64
417 silly reify mark deleted [ 'E:\\Github\\i3nya\\node_modules\\@esbuild\\linux-arm64' ]
418 verbose reify failed optional dependency E:\Github\i3nya\node_modules\@esbuild\linux-arm
419 silly reify mark deleted [ 'E:\\Github\\i3nya\\node_modules\\@esbuild\\linux-arm' ]
420 verbose reify failed optional dependency E:\Github\i3nya\node_modules\@esbuild\freebsd-x64
421 silly reify mark deleted [ 'E:\\Github\\i3nya\\node_modules\\@esbuild\\freebsd-x64' ]
422 verbose reify failed optional dependency E:\Github\i3nya\node_modules\@esbuild\freebsd-arm64
423 silly reify mark deleted [ 'E:\\Github\\i3nya\\node_modules\\@esbuild\\freebsd-arm64' ]
424 verbose reify failed optional dependency E:\Github\i3nya\node_modules\@esbuild\darwin-x64
425 silly reify mark deleted [ 'E:\\Github\\i3nya\\node_modules\\@esbuild\\darwin-x64' ]
426 verbose reify failed optional dependency E:\Github\i3nya\node_modules\@esbuild\darwin-arm64
427 silly reify mark deleted [ 'E:\\Github\\i3nya\\node_modules\\@esbuild\\darwin-arm64' ]
428 verbose reify failed optional dependency E:\Github\i3nya\node_modules\@esbuild\android-x64
429 silly reify mark deleted [ 'E:\\Github\\i3nya\\node_modules\\@esbuild\\android-x64' ]
430 verbose reify failed optional dependency E:\Github\i3nya\node_modules\@esbuild\android-arm64
431 silly reify mark deleted [ 'E:\\Github\\i3nya\\node_modules\\@esbuild\\android-arm64' ]
432 verbose reify failed optional dependency E:\Github\i3nya\node_modules\@esbuild\android-arm
433 silly reify mark deleted [ 'E:\\Github\\i3nya\\node_modules\\@esbuild\\android-arm' ]
434 verbose reify failed optional dependency E:\Github\i3nya\node_modules\@esbuild\aix-ppc64
435 silly reify mark deleted [ 'E:\\Github\\i3nya\\node_modules\\@esbuild\\aix-ppc64' ]
436 http cache yallist@https://registry.npmjs.org/yallist/-/yallist-3.1.1.tgz 0ms (cache hit)
437 http cache update-browserslist-db@https://registry.npmjs.org/update-browserslist-db/-/update-browserslist-db-1.1.3.tgz 0ms (cache hit)
438 http cache node-releases@https://registry.npmjs.org/node-releases/-/node-releases-2.0.19.tgz 0ms (cache hit)
439 http cache ms@https://registry.npmjs.org/ms/-/ms-2.1.3.tgz 0ms (cache hit)
440 http cache escalade@https://registry.npmjs.org/escalade/-/escalade-3.2.0.tgz 0ms (cache hit)
441 http cache @types/babel__traverse@https://registry.npmjs.org/@types/babel__traverse/-/babel__traverse-7.20.7.tgz 0ms (cache hit)
442 http cache caniuse-lite@https://registry.npmjs.org/caniuse-lite/-/caniuse-lite-1.0.30001723.tgz 0ms (cache hit)
443 http cache @types/babel__generator@https://registry.npmjs.org/@types/babel__generator/-/babel__generator-7.27.0.tgz 0ms (cache hit)
444 http cache @jridgewell/set-array@https://registry.npmjs.org/@jridgewell/set-array/-/set-array-1.2.1.tgz 0ms (cache hit)
445 http cache electron-to-chromium@https://registry.npmjs.org/electron-to-chromium/-/electron-to-chromium-1.5.167.tgz 0ms (cache hit)
446 http cache @jridgewell/resolve-uri@https://registry.npmjs.org/@jridgewell/resolve-uri/-/resolve-uri-3.1.2.tgz 0ms (cache hit)
447 http cache globals@https://registry.npmjs.org/globals/-/globals-11.12.0.tgz 0ms (cache hit)
448 http cache @types/babel__template@https://registry.npmjs.org/@types/babel__template/-/babel__template-7.4.4.tgz 0ms (cache hit)
449 http cache @babel/helper-string-parser@https://registry.npmjs.org/@babel/helper-string-parser/-/helper-string-parser-7.27.1.tgz 0ms (cache hit)
450 http cache @jridgewell/sourcemap-codec@https://registry.npmjs.org/@jridgewell/sourcemap-codec/-/sourcemap-codec-1.5.0.tgz 0ms (cache hit)
451 http cache lru-cache@https://registry.npmjs.org/lru-cache/-/lru-cache-5.1.1.tgz 0ms (cache hit)
452 http cache @babel/helper-plugin-utils@https://registry.npmjs.org/@babel/helper-plugin-utils/-/helper-plugin-utils-7.27.1.tgz 0ms (cache hit)
453 http cache browserslist@https://registry.npmjs.org/browserslist/-/browserslist-4.25.0.tgz 0ms (cache hit)
454 http cache @babel/helper-module-imports@https://registry.npmjs.org/@babel/helper-module-imports/-/helper-module-imports-7.27.1.tgz 0ms (cache hit)
455 http cache @babel/helper-validator-option@https://registry.npmjs.org/@babel/helper-validator-option/-/helper-validator-option-7.27.1.tgz 0ms (cache hit)
456 http cache @jridgewell/gen-mapping@https://registry.npmjs.org/@jridgewell/gen-mapping/-/gen-mapping-0.3.8.tgz 0ms (cache hit)
457 http cache @babel/helper-validator-identifier@https://registry.npmjs.org/@babel/helper-validator-identifier/-/helper-validator-identifier-7.27.1.tgz 0ms (cache hit)
458 http cache jsesc@https://registry.npmjs.org/jsesc/-/jsesc-3.1.0.tgz 0ms (cache hit)
459 http cache @jridgewell/trace-mapping@https://registry.npmjs.org/@jridgewell/trace-mapping/-/trace-mapping-0.3.25.tgz 0ms (cache hit)
460 http cache @babel/compat-data@https://registry.npmjs.org/@babel/compat-data/-/compat-data-7.27.5.tgz 0ms (cache hit)
461 http cache semver@https://registry.npmjs.org/semver/-/semver-6.3.1.tgz 0ms (cache hit)
462 http cache @babel/types@https://registry.npmjs.org/@babel/types/-/types-7.27.6.tgz 0ms (cache hit)
463 http cache debug@https://registry.npmjs.org/debug/-/debug-4.4.1.tgz 0ms (cache hit)
464 http cache json5@https://registry.npmjs.org/json5/-/json5-2.2.3.tgz 0ms (cache hit)
465 http cache @babel/parser@https://registry.npmjs.org/@babel/parser/-/parser-7.27.5.tgz 0ms (cache hit)
466 http cache gensync@https://registry.npmjs.org/gensync/-/gensync-1.0.0-beta.2.tgz 0ms (cache hit)
467 http cache convert-source-map@https://registry.npmjs.org/convert-source-map/-/convert-source-map-2.0.0.tgz 0ms (cache hit)
468 http cache @babel/template@https://registry.npmjs.org/@babel/template/-/template-7.27.2.tgz 0ms (cache hit)
469 http cache @babel/traverse@https://registry.npmjs.org/@babel/traverse/-/traverse-7.27.4.tgz 0ms (cache hit)
470 http cache @babel/helper-module-transforms@https://registry.npmjs.org/@babel/helper-module-transforms/-/helper-module-transforms-7.27.3.tgz 0ms (cache hit)
471 http cache @babel/helper-compilation-targets@https://registry.npmjs.org/@babel/helper-compilation-targets/-/helper-compilation-targets-7.27.2.tgz 0ms (cache hit)
472 http cache @babel/helpers@https://registry.npmjs.org/@babel/helpers/-/helpers-7.27.6.tgz 0ms (cache hit)
473 http cache @babel/code-frame@https://registry.npmjs.org/@babel/code-frame/-/code-frame-7.27.1.tgz 0ms (cache hit)
474 http cache @babel/generator@https://registry.npmjs.org/@babel/generator/-/generator-7.27.5.tgz 0ms (cache hit)
475 http cache @ampproject/remapping@https://registry.npmjs.org/@ampproject/remapping/-/remapping-2.3.0.tgz 0ms (cache hit)
476 http cache @types/babel__core@https://registry.npmjs.org/@types/babel__core/-/babel__core-7.20.5.tgz 0ms (cache hit)
477 http cache @babel/plugin-transform-react-jsx-source@https://registry.npmjs.org/@babel/plugin-transform-react-jsx-source/-/plugin-transform-react-jsx-source-7.27.1.tgz 0ms (cache hit)
478 http cache @babel/core@https://registry.npmjs.org/@babel/core/-/core-7.27.4.tgz 0ms (cache hit)
479 http cache @rolldown/pluginutils@https://registry.npmjs.org/@rolldown/pluginutils/-/pluginutils-1.0.0-beta.11.tgz 0ms (cache hit)
480 http cache react-refresh@https://registry.npmjs.org/react-refresh/-/react-refresh-0.17.0.tgz 0ms (cache hit)
481 http cache @vitejs/plugin-react@https://registry.npmjs.org/@vitejs/plugin-react/-/plugin-react-4.5.2.tgz 0ms (cache hit)
482 http cache @babel/plugin-transform-react-jsx-self@https://registry.npmjs.org/@babel/plugin-transform-react-jsx-self/-/plugin-transform-react-jsx-self-7.27.1.tgz 0ms (cache hit)
483 silly tarball no local data for yallist@https://registry.npmjs.org/yallist/-/yallist-3.1.1.tgz. Extracting by manifest.
484 silly tarball no local data for update-browserslist-db@https://registry.npmjs.org/update-browserslist-db/-/update-browserslist-db-1.1.3.tgz. Extracting by manifest.
485 silly tarball no local data for node-releases@https://registry.npmjs.org/node-releases/-/node-releases-2.0.19.tgz. Extracting by manifest.
486 silly tarball no local data for ms@https://registry.npmjs.org/ms/-/ms-2.1.3.tgz. Extracting by manifest.
487 silly tarball no local data for escalade@https://registry.npmjs.org/escalade/-/escalade-3.2.0.tgz. Extracting by manifest.
488 silly tarball no local data for @types/babel__traverse@https://registry.npmjs.org/@types/babel__traverse/-/babel__traverse-7.20.7.tgz. Extracting by manifest.
489 silly tarball no local data for caniuse-lite@https://registry.npmjs.org/caniuse-lite/-/caniuse-lite-1.0.30001723.tgz. Extracting by manifest.
490 silly tarball no local data for @types/babel__generator@https://registry.npmjs.org/@types/babel__generator/-/babel__generator-7.27.0.tgz. Extracting by manifest.
491 silly tarball no local data for @jridgewell/set-array@https://registry.npmjs.org/@jridgewell/set-array/-/set-array-1.2.1.tgz. Extracting by manifest.
492 silly tarball no local data for electron-to-chromium@https://registry.npmjs.org/electron-to-chromium/-/electron-to-chromium-1.5.167.tgz. Extracting by manifest.
493 silly tarball no local data for @jridgewell/resolve-uri@https://registry.npmjs.org/@jridgewell/resolve-uri/-/resolve-uri-3.1.2.tgz. Extracting by manifest.
494 silly tarball no local data for globals@https://registry.npmjs.org/globals/-/globals-11.12.0.tgz. Extracting by manifest.
495 silly tarball no local data for @types/babel__template@https://registry.npmjs.org/@types/babel__template/-/babel__template-7.4.4.tgz. Extracting by manifest.
496 silly tarball no local data for @babel/helper-string-parser@https://registry.npmjs.org/@babel/helper-string-parser/-/helper-string-parser-7.27.1.tgz. Extracting by manifest.
497 silly tarball no local data for @jridgewell/sourcemap-codec@https://registry.npmjs.org/@jridgewell/sourcemap-codec/-/sourcemap-codec-1.5.0.tgz. Extracting by manifest.
498 silly tarball no local data for @babel/helper-plugin-utils@https://registry.npmjs.org/@babel/helper-plugin-utils/-/helper-plugin-utils-7.27.1.tgz. Extracting by manifest.
499 silly tarball no local data for lru-cache@https://registry.npmjs.org/lru-cache/-/lru-cache-5.1.1.tgz. Extracting by manifest.
500 silly tarball no local data for browserslist@https://registry.npmjs.org/browserslist/-/browserslist-4.25.0.tgz. Extracting by manifest.
501 silly tarball no local data for @babel/helper-module-imports@https://registry.npmjs.org/@babel/helper-module-imports/-/helper-module-imports-7.27.1.tgz. Extracting by manifest.
502 silly tarball no local data for @babel/helper-validator-option@https://registry.npmjs.org/@babel/helper-validator-option/-/helper-validator-option-7.27.1.tgz. Extracting by manifest.
503 silly tarball no local data for @jridgewell/gen-mapping@https://registry.npmjs.org/@jridgewell/gen-mapping/-/gen-mapping-0.3.8.tgz. Extracting by manifest.
504 silly tarball no local data for @babel/helper-validator-identifier@https://registry.npmjs.org/@babel/helper-validator-identifier/-/helper-validator-identifier-7.27.1.tgz. Extracting by manifest.
505 silly tarball no local data for jsesc@https://registry.npmjs.org/jsesc/-/jsesc-3.1.0.tgz. Extracting by manifest.
506 silly tarball no local data for @jridgewell/trace-mapping@https://registry.npmjs.org/@jridgewell/trace-mapping/-/trace-mapping-0.3.25.tgz. Extracting by manifest.
507 silly tarball no local data for @babel/compat-data@https://registry.npmjs.org/@babel/compat-data/-/compat-data-7.27.5.tgz. Extracting by manifest.
508 silly tarball no local data for semver@https://registry.npmjs.org/semver/-/semver-6.3.1.tgz. Extracting by manifest.
509 silly tarball no local data for @babel/types@https://registry.npmjs.org/@babel/types/-/types-7.27.6.tgz. Extracting by manifest.
510 silly tarball no local data for debug@https://registry.npmjs.org/debug/-/debug-4.4.1.tgz. Extracting by manifest.
511 silly tarball no local data for json5@https://registry.npmjs.org/json5/-/json5-2.2.3.tgz. Extracting by manifest.
512 silly tarball no local data for @babel/parser@https://registry.npmjs.org/@babel/parser/-/parser-7.27.5.tgz. Extracting by manifest.
513 silly tarball no local data for gensync@https://registry.npmjs.org/gensync/-/gensync-1.0.0-beta.2.tgz. Extracting by manifest.
514 silly tarball no local data for convert-source-map@https://registry.npmjs.org/convert-source-map/-/convert-source-map-2.0.0.tgz. Extracting by manifest.
515 silly tarball no local data for @babel/template@https://registry.npmjs.org/@babel/template/-/template-7.27.2.tgz. Extracting by manifest.
516 silly tarball no local data for @babel/traverse@https://registry.npmjs.org/@babel/traverse/-/traverse-7.27.4.tgz. Extracting by manifest.
517 silly tarball no local data for @babel/helper-module-transforms@https://registry.npmjs.org/@babel/helper-module-transforms/-/helper-module-transforms-7.27.3.tgz. Extracting by manifest.
518 silly tarball no local data for @babel/helper-compilation-targets@https://registry.npmjs.org/@babel/helper-compilation-targets/-/helper-compilation-targets-7.27.2.tgz. Extracting by manifest.
519 silly tarball no local data for @babel/helpers@https://registry.npmjs.org/@babel/helpers/-/helpers-7.27.6.tgz. Extracting by manifest.
520 silly tarball no local data for @babel/code-frame@https://registry.npmjs.org/@babel/code-frame/-/code-frame-7.27.1.tgz. Extracting by manifest.
521 silly tarball no local data for @babel/generator@https://registry.npmjs.org/@babel/generator/-/generator-7.27.5.tgz. Extracting by manifest.
522 silly tarball no local data for @ampproject/remapping@https://registry.npmjs.org/@ampproject/remapping/-/remapping-2.3.0.tgz. Extracting by manifest.
523 silly tarball no local data for @types/babel__core@https://registry.npmjs.org/@types/babel__core/-/babel__core-7.20.5.tgz. Extracting by manifest.
524 silly tarball no local data for @babel/plugin-transform-react-jsx-source@https://registry.npmjs.org/@babel/plugin-transform-react-jsx-source/-/plugin-transform-react-jsx-source-7.27.1.tgz. Extracting by manifest.
525 silly tarball no local data for @babel/core@https://registry.npmjs.org/@babel/core/-/core-7.27.4.tgz. Extracting by manifest.
526 silly tarball no local data for @rolldown/pluginutils@https://registry.npmjs.org/@rolldown/pluginutils/-/pluginutils-1.0.0-beta.11.tgz. Extracting by manifest.
527 silly tarball no local data for react-refresh@https://registry.npmjs.org/react-refresh/-/react-refresh-0.17.0.tgz. Extracting by manifest.
528 silly tarball no local data for @vitejs/plugin-react@https://registry.npmjs.org/@vitejs/plugin-react/-/plugin-react-4.5.2.tgz. Extracting by manifest.
529 silly tarball no local data for @babel/plugin-transform-react-jsx-self@https://registry.npmjs.org/@babel/plugin-transform-react-jsx-self/-/plugin-transform-react-jsx-self-7.27.1.tgz. Extracting by manifest.
530 http fetch GET 200 https://registry.npmjs.org/escalade/-/escalade-3.2.0.tgz 206ms (cache miss)
531 http fetch GET 200 https://registry.npmjs.org/ms/-/ms-2.1.3.tgz 208ms (cache miss)
532 http fetch POST 200 https://registry.npmjs.org/-/npm/v1/security/advisories/bulk 238ms
533 silly audit report {
533 silly audit report   esbuild: [
533 silly audit report     {
533 silly audit report       id: 1102341,
533 silly audit report       url: 'https://github.com/advisories/GHSA-67mh-4wv8-2f99',
533 silly audit report       title: 'esbuild enables any website to send any requests to the development server and read the response',
533 silly audit report       severity: 'moderate',
533 silly audit report       vulnerable_versions: '<=0.24.2',
533 silly audit report       cwe: [Array],
533 silly audit report       cvss: [Object]
533 silly audit report     }
533 silly audit report   ]
533 silly audit report }
534 silly packumentCache corgi:https://registry.npmjs.org/esbuild cache-miss
535 http fetch GET 200 https://registry.npmjs.org/globals/-/globals-11.12.0.tgz 225ms (cache miss)
536 http fetch GET 200 https://registry.npmjs.org/@jridgewell/resolve-uri/-/resolve-uri-3.1.2.tgz 228ms (cache miss)
537 http fetch GET 200 https://registry.npmjs.org/@types/babel__traverse/-/babel__traverse-7.20.7.tgz 232ms (cache miss)
538 http fetch GET 200 https://registry.npmjs.org/@types/babel__template/-/babel__template-7.4.4.tgz 235ms (cache miss)
539 http fetch GET 200 https://registry.npmjs.org/@types/babel__generator/-/babel__generator-7.27.0.tgz 237ms (cache miss)
540 http fetch GET 200 https://registry.npmjs.org/@jridgewell/set-array/-/set-array-1.2.1.tgz 239ms (cache miss)
541 http fetch GET 200 https://registry.npmjs.org/node-releases/-/node-releases-2.0.19.tgz 240ms (cache miss)
542 http fetch GET 200 https://registry.npmjs.org/@babel/helper-string-parser/-/helper-string-parser-7.27.1.tgz 238ms (cache miss)
543 http cache https://registry.npmjs.org/esbuild 15ms (cache hit)
544 silly packumentCache corgi:https://registry.npmjs.org/esbuild set size:861077 disposed:false
545 silly packumentCache corgi:https://registry.npmjs.org/vite cache-miss
546 http fetch GET 200 https://registry.npmjs.org/yallist/-/yallist-3.1.1.tgz 250ms (cache miss)
547 http fetch GET 200 https://registry.npmjs.org/electron-to-chromium/-/electron-to-chromium-1.5.167.tgz 252ms (cache miss)
548 http fetch GET 200 https://registry.npmjs.org/update-browserslist-db/-/update-browserslist-db-1.1.3.tgz 254ms (cache miss)
549 http cache https://registry.npmjs.org/vite 11ms (cache hit)
550 silly packumentCache corgi:https://registry.npmjs.org/vite set size:2013849 disposed:false
551 silly packumentCache corgi:https://registry.npmjs.org/@vitejs%2fplugin-react cache-miss
552 http fetch GET 200 https://registry.npmjs.org/lru-cache/-/lru-cache-5.1.1.tgz 386ms (cache miss)
553 http fetch GET 200 https://registry.npmjs.org/@jridgewell/sourcemap-codec/-/sourcemap-codec-1.5.0.tgz 390ms (cache miss)
554 http fetch GET 200 https://registry.npmjs.org/browserslist/-/browserslist-4.25.0.tgz 395ms (cache miss)
555 http fetch GET 200 https://registry.npmjs.org/@babel/helper-plugin-utils/-/helper-plugin-utils-7.27.1.tgz 401ms (cache miss)
556 http fetch GET 200 https://registry.npmjs.org/@babel/helper-validator-option/-/helper-validator-option-7.27.1.tgz 409ms (cache miss)
557 http fetch GET 200 https://registry.npmjs.org/@babel/helper-module-imports/-/helper-module-imports-7.27.1.tgz 416ms (cache miss)
558 http fetch GET 200 https://registry.npmjs.org/jsesc/-/jsesc-3.1.0.tgz 425ms (cache miss)
559 http fetch GET 200 https://registry.npmjs.org/semver/-/semver-6.3.1.tgz 434ms (cache miss)
560 http fetch GET 200 https://registry.npmjs.org/@jridgewell/gen-mapping/-/gen-mapping-0.3.8.tgz 438ms (cache miss)
561 http fetch GET 200 https://registry.npmjs.org/@babel/helper-validator-identifier/-/helper-validator-identifier-7.27.1.tgz 443ms (cache miss)
562 http fetch GET 200 https://registry.npmjs.org/@jridgewell/trace-mapping/-/trace-mapping-0.3.25.tgz 444ms (cache miss)
563 http fetch GET 200 https://registry.npmjs.org/@babel/compat-data/-/compat-data-7.27.5.tgz 447ms (cache miss)
564 http fetch GET 200 https://registry.npmjs.org/debug/-/debug-4.4.1.tgz 482ms (cache miss)
565 http fetch GET 200 https://registry.npmjs.org/json5/-/json5-2.2.3.tgz 569ms (cache miss)
566 http fetch GET 200 https://registry.npmjs.org/gensync/-/gensync-1.0.0-beta.2.tgz 599ms (cache miss)
567 http fetch GET 200 https://registry.npmjs.org/convert-source-map/-/convert-source-map-2.0.0.tgz 603ms (cache miss)
568 http fetch GET 200 https://registry.npmjs.org/@babel/template/-/template-7.27.2.tgz 610ms (cache miss)
569 http fetch GET 200 https://registry.npmjs.org/@babel/helper-module-transforms/-/helper-module-transforms-7.27.3.tgz 636ms (cache miss)
570 http fetch GET 200 https://registry.npmjs.org/@babel/helper-compilation-targets/-/helper-compilation-targets-7.27.2.tgz 638ms (cache miss)
571 http fetch GET 200 https://registry.npmjs.org/@types/babel__core/-/babel__core-7.20.5.tgz 640ms (cache miss)
572 http fetch GET 200 https://registry.npmjs.org/@babel/code-frame/-/code-frame-7.27.1.tgz 652ms (cache miss)
573 http fetch GET 200 https://registry.npmjs.org/@ampproject/remapping/-/remapping-2.3.0.tgz 660ms (cache miss)
574 http fetch GET 200 https://registry.npmjs.org/@babel/traverse/-/traverse-7.27.4.tgz 703ms (cache miss)
575 http fetch GET 200 https://registry.npmjs.org/@babel/generator/-/generator-7.27.5.tgz 707ms (cache miss)
576 http fetch GET 200 https://registry.npmjs.org/@babel/types/-/types-7.27.6.tgz 710ms (cache miss)
577 http fetch GET 200 https://registry.npmjs.org/@babel/plugin-transform-react-jsx-source/-/plugin-transform-react-jsx-source-7.27.1.tgz 722ms (cache miss)
578 http fetch GET 200 https://registry.npmjs.org/caniuse-lite/-/caniuse-lite-1.0.30001723.tgz 734ms (cache miss)
579 http fetch GET 200 https://registry.npmjs.org/@babel/helpers/-/helpers-7.27.6.tgz 779ms (cache miss)
580 http fetch GET 200 https://registry.npmjs.org/@babel/parser/-/parser-7.27.5.tgz 792ms (cache miss)
581 http fetch GET 200 https://registry.npmjs.org/react-refresh/-/react-refresh-0.17.0.tgz 809ms (cache miss)
582 http fetch GET 200 https://registry.npmjs.org/@babel/plugin-transform-react-jsx-self/-/plugin-transform-react-jsx-self-7.27.1.tgz 825ms (cache miss)
583 http fetch GET 200 https://registry.npmjs.org/@vitejs/plugin-react/-/plugin-react-4.5.2.tgz 840ms (cache miss)
584 http fetch GET 200 https://registry.npmjs.org/@rolldown/pluginutils/-/pluginutils-1.0.0-beta.11.tgz 848ms (cache miss)
585 http fetch GET 200 https://registry.npmjs.org/@babel/core/-/core-7.27.4.tgz 849ms (cache miss)
586 http fetch GET 200 https://registry.npmjs.org/@vitejs%2fplugin-react 582ms (cache miss)
587 silly packumentCache corgi:https://registry.npmjs.org/@vitejs%2fplugin-react set size:undefined disposed:false
588 silly ADD node_modules/escalade
589 silly ADD node_modules/yallist
590 silly ADD node_modules/ms
591 silly ADD node_modules/update-browserslist-db
592 silly ADD node_modules/node-releases
593 silly ADD node_modules/electron-to-chromium
594 silly ADD node_modules/caniuse-lite
595 silly ADD node_modules/@types/babel__traverse
596 silly ADD node_modules/@types/babel__template
597 silly ADD node_modules/@types/babel__generator
598 silly ADD node_modules/@jridgewell/resolve-uri
599 silly ADD node_modules/@jridgewell/sourcemap-codec
600 silly ADD node_modules/@jridgewell/set-array
601 silly ADD node_modules/@babel/helper-string-parser
602 silly ADD node_modules/globals
603 silly ADD node_modules/@babel/helper-plugin-utils
604 silly ADD node_modules/@babel/helper-module-imports
605 silly ADD node_modules/lru-cache
606 silly ADD node_modules/browserslist
607 silly ADD node_modules/@babel/helper-validator-option
608 silly ADD node_modules/@babel/compat-data
609 silly ADD node_modules/jsesc
610 silly ADD node_modules/@babel/helper-validator-identifier
611 silly ADD node_modules/@jridgewell/trace-mapping
612 silly ADD node_modules/@jridgewell/gen-mapping
613 silly ADD node_modules/semver
614 silly ADD node_modules/json5
615 silly ADD node_modules/gensync
616 silly ADD node_modules/debug
617 silly ADD node_modules/convert-source-map
618 silly ADD node_modules/@babel/types
619 silly ADD node_modules/@babel/traverse
620 silly ADD node_modules/@babel/template
621 silly ADD node_modules/@babel/parser
622 silly ADD node_modules/@babel/helpers
623 silly ADD node_modules/@babel/helper-module-transforms
624 silly ADD node_modules/@babel/helper-compilation-targets
625 silly ADD node_modules/@babel/generator
626 silly ADD node_modules/@babel/code-frame
627 silly ADD node_modules/@ampproject/remapping
628 silly ADD node_modules/react-refresh
629 silly ADD node_modules/@types/babel__core
630 silly ADD node_modules/@rolldown/pluginutils
631 silly ADD node_modules/@babel/plugin-transform-react-jsx-source
632 silly ADD node_modules/@babel/plugin-transform-react-jsx-self
633 silly ADD node_modules/@babel/core
634 silly ADD node_modules/@vitejs/plugin-react
635 silly ADD
636 silly ADD
637 silly ADD
638 silly ADD
639 silly ADD
640 silly ADD
641 silly ADD
642 silly ADD
643 silly ADD
644 silly ADD
645 silly ADD
646 silly ADD
647 silly ADD
648 silly ADD
649 silly ADD
650 silly ADD
651 silly ADD
652 silly ADD
653 silly ADD
654 silly ADD
655 silly ADD
656 silly ADD
657 silly ADD
658 silly ADD
659 silly ADD
660 silly ADD
661 silly ADD
662 silly ADD
663 silly ADD
664 silly ADD
665 silly ADD
666 silly ADD
667 silly ADD
668 silly ADD
669 silly ADD
670 silly ADD
671 silly ADD
672 silly ADD
673 silly ADD
674 silly ADD
675 silly ADD
676 silly ADD
677 verbose cwd E:\Github\i3nya
678 verbose os Windows_NT 10.0.19045
679 verbose node v22.16.0
680 verbose npm  v10.9.2
681 verbose exit 0
682 info ok
