0 verbose cli D:\Program Files\nodejs\node.exe D:\Program Files\nodejs\node_modules\npm\bin\npm-cli.js
1 info using npm@10.9.2
2 info using node@v22.16.0
3 silly config load:file:D:\Program Files\nodejs\node_modules\npm\npmrc
4 silly config load:file:E:\Github\i3nya\.npmrc
5 silly config load:file:C:\Users\23601\.npmrc
6 silly config load:file:E:\Github\i3nya\node_global\etc\npmrc
7 verbose title npm install
8 verbose argv "install"
9 verbose logfile logs-max:10 dir:E:\Github\i3nya\node_cache\_logs\2025-06-14T09_41_20_572Z-
10 verbose logfile E:\Github\i3nya\node_cache\_logs\2025-06-14T09_41_20_572Z-debug-0.log
11 silly logfile done cleaning log files
12 silly packumentCache heap:4345298944 maxSize:1086324736 maxEntrySize:543162368
13 silly idealTree buildDeps
14 silly fetch manifest react@^18.2.0
15 silly packumentCache full:https://registry.npmjs.org/react cache-miss
16 http fetch GET 200 https://registry.npmjs.org/npm 839ms
17 http fetch GET 200 https://registry.npmjs.org/react 1424ms (cache miss)
18 silly packumentCache full:https://registry.npmjs.org/react set size:undefined disposed:false
19 silly fetch manifest react-dom@^18.2.0
20 silly packumentCache full:https://registry.npmjs.org/react-dom cache-miss
21 http fetch GET 200 https://registry.npmjs.org/react-dom 587ms (cache miss)
22 silly packumentCache full:https://registry.npmjs.org/react-dom set size:undefined disposed:false
23 silly fetch manifest react-router-dom@^6.17.0
24 silly packumentCache full:https://registry.npmjs.org/react-router-dom cache-miss
25 http fetch GET 200 https://registry.npmjs.org/react-router-dom 257ms (cache miss)
26 silly packumentCache full:https://registry.npmjs.org/react-router-dom set size:undefined disposed:false
27 silly fetch manifest vite@^5.0.0
28 silly packumentCache full:https://registry.npmjs.org/vite cache-miss
29 http fetch GET 200 https://registry.npmjs.org/vite 784ms (cache miss)
30 silly packumentCache full:https://registry.npmjs.org/vite set size:undefined disposed:false
31 silly fetch manifest @types/node@^18.0.0 || >=20.0.0
32 silly packumentCache full:https://registry.npmjs.org/@types%2fnode cache-miss
33 http fetch GET 200 https://registry.npmjs.org/@types%2fnode 409ms (cache miss)
34 silly packumentCache full:https://registry.npmjs.org/@types%2fnode set size:undefined disposed:false
35 silly fetch manifest less@*
36 silly packumentCache full:https://registry.npmjs.org/less cache-miss
37 http fetch GET 200 https://registry.npmjs.org/less 174ms (cache miss)
38 silly packumentCache full:https://registry.npmjs.org/less set size:undefined disposed:false
39 silly fetch manifest lightningcss@^1.21.0
40 silly packumentCache full:https://registry.npmjs.org/lightningcss cache-miss
41 http fetch GET 200 https://registry.npmjs.org/lightningcss 230ms (cache miss)
42 silly packumentCache full:https://registry.npmjs.org/lightningcss set size:undefined disposed:false
43 silly fetch manifest sass@*
44 silly packumentCache full:https://registry.npmjs.org/sass cache-miss
45 http fetch GET 200 https://registry.npmjs.org/sass 193ms (cache miss)
46 silly packumentCache full:https://registry.npmjs.org/sass set size:undefined disposed:false
47 silly fetch manifest sass-embedded@*
48 silly packumentCache full:https://registry.npmjs.org/sass-embedded cache-miss
49 http fetch GET 200 https://registry.npmjs.org/sass-embedded 248ms (cache miss)
50 silly packumentCache full:https://registry.npmjs.org/sass-embedded set size:undefined disposed:false
51 silly fetch manifest stylus@*
52 silly packumentCache full:https://registry.npmjs.org/stylus cache-miss
53 http fetch GET 200 https://registry.npmjs.org/stylus 177ms (cache miss)
54 silly packumentCache full:https://registry.npmjs.org/stylus set size:undefined disposed:false
55 silly fetch manifest sugarss@*
56 silly packumentCache full:https://registry.npmjs.org/sugarss cache-miss
57 http fetch GET 200 https://registry.npmjs.org/sugarss 220ms (cache miss)
58 silly packumentCache full:https://registry.npmjs.org/sugarss set size:undefined disposed:false
59 silly fetch manifest postcss@^8.3.3
60 silly packumentCache full:https://registry.npmjs.org/postcss cache-miss
61 http fetch GET 200 https://registry.npmjs.org/postcss 192ms (cache miss)
62 silly packumentCache full:https://registry.npmjs.org/postcss set size:undefined disposed:false
63 silly fetch manifest terser@^5.4.0
64 silly packumentCache full:https://registry.npmjs.org/terser cache-miss
65 http fetch GET 200 https://registry.npmjs.org/terser 230ms (cache miss)
66 silly packumentCache full:https://registry.npmjs.org/terser set size:undefined disposed:false
67 silly placeDep ROOT react@18.3.1 OK for: guing-site@1.0.0 want: ^18.2.0
68 silly placeDep ROOT react-dom@18.3.1 OK for: guing-site@1.0.0 want: ^18.2.0
69 silly placeDep ROOT react-router-dom@6.30.1 OK for: guing-site@1.0.0 want: ^6.17.0
70 silly placeDep ROOT vite@5.4.19 OK for: guing-site@1.0.0 want: ^5.0.0
71 silly fetch manifest loose-envify@^1.1.0
72 silly packumentCache full:https://registry.npmjs.org/loose-envify cache-miss
73 silly fetch manifest scheduler@^0.23.2
74 silly packumentCache full:https://registry.npmjs.org/scheduler cache-miss
75 silly fetch manifest loose-envify@^1.1.0
76 silly packumentCache full:https://registry.npmjs.org/loose-envify cache-miss
77 silly fetch manifest react-router@6.30.1
78 silly packumentCache full:https://registry.npmjs.org/react-router cache-miss
79 silly fetch manifest @remix-run/router@1.23.0
80 silly packumentCache full:https://registry.npmjs.org/@remix-run%2frouter cache-miss
81 silly fetch manifest rollup@^4.20.0
82 silly packumentCache full:https://registry.npmjs.org/rollup cache-miss
83 silly fetch manifest esbuild@^0.21.3
84 silly packumentCache full:https://registry.npmjs.org/esbuild cache-miss
85 silly fetch manifest postcss@^8.4.43
86 silly packumentCache full:https://registry.npmjs.org/postcss cache-miss
87 silly fetch manifest fsevents@~2.3.3
88 silly packumentCache full:https://registry.npmjs.org/fsevents cache-miss
89 http cache https://registry.npmjs.org/postcss 14ms (cache hit)
90 silly packumentCache full:https://registry.npmjs.org/postcss set size:693253 disposed:false
91 http fetch GET 200 https://registry.npmjs.org/loose-envify 173ms (cache miss)
92 silly packumentCache full:https://registry.npmjs.org/loose-envify set size:undefined disposed:false
93 http fetch GET 200 https://registry.npmjs.org/scheduler 338ms (cache miss)
94 silly packumentCache full:https://registry.npmjs.org/scheduler set size:undefined disposed:false
95 http fetch GET 200 https://registry.npmjs.org/fsevents 733ms (cache miss)
96 silly packumentCache full:https://registry.npmjs.org/fsevents set size:undefined disposed:false
97 http fetch GET 200 https://registry.npmjs.org/@remix-run%2frouter 776ms (cache miss)
98 silly packumentCache full:https://registry.npmjs.org/@remix-run%2frouter set size:undefined disposed:false
99 http fetch GET 200 https://registry.npmjs.org/loose-envify 780ms (cache miss)
100 silly packumentCache full:https://registry.npmjs.org/loose-envify set size:undefined disposed:false
101 http fetch GET 200 https://registry.npmjs.org/esbuild 881ms (cache miss)
102 silly packumentCache full:https://registry.npmjs.org/esbuild set size:undefined disposed:false
103 http fetch GET 200 https://registry.npmjs.org/react-router 891ms (cache miss)
104 silly packumentCache full:https://registry.npmjs.org/react-router set size:undefined disposed:false
105 http fetch GET 200 https://registry.npmjs.org/rollup 1425ms (cache miss)
106 silly packumentCache full:https://registry.npmjs.org/rollup set size:undefined disposed:false
107 silly placeDep ROOT loose-envify@1.4.0 OK for: react@18.3.1 want: ^1.1.0
108 silly fetch manifest js-tokens@^3.0.0 || ^4.0.0
109 silly packumentCache full:https://registry.npmjs.org/js-tokens cache-miss
110 http fetch GET 200 https://registry.npmjs.org/js-tokens 195ms (cache miss)
111 silly packumentCache full:https://registry.npmjs.org/js-tokens set size:undefined disposed:false
112 silly placeDep ROOT js-tokens@4.0.0 OK for: loose-envify@1.4.0 want: ^3.0.0 || ^4.0.0
113 silly placeDep ROOT scheduler@0.23.2 OK for: react-dom@18.3.1 want: ^0.23.2
114 silly fetch manifest react@>=16.8
115 silly packumentCache full:https://registry.npmjs.org/react cache-miss
116 http cache https://registry.npmjs.org/react 13ms (cache hit)
117 silly packumentCache full:https://registry.npmjs.org/react set size:5779963 disposed:false
118 silly placeDep ROOT @remix-run/router@1.23.0 OK for: react-router-dom@6.30.1 want: 1.23.0
119 silly placeDep ROOT react-router@6.30.1 OK for: react-router-dom@6.30.1 want: 6.30.1
120 silly placeDep ROOT esbuild@0.21.5 OK for: vite@5.4.19 want: ^0.21.3
121 silly placeDep ROOT fsevents@2.3.3 OK for: vite@5.4.19 want: ~2.3.3
122 silly placeDep ROOT postcss@8.5.5 OK for: vite@5.4.19 want: ^8.4.43
123 silly placeDep ROOT rollup@4.43.0 OK for: vite@5.4.19 want: ^4.20.0
124 silly fetch manifest @esbuild/aix-ppc64@0.21.5
125 silly packumentCache full:https://registry.npmjs.org/@esbuild%2faix-ppc64 cache-miss
126 silly fetch manifest @esbuild/linux-arm@0.21.5
127 silly packumentCache full:https://registry.npmjs.org/@esbuild%2flinux-arm cache-miss
128 silly fetch manifest @esbuild/linux-x64@0.21.5
129 silly packumentCache full:https://registry.npmjs.org/@esbuild%2flinux-x64 cache-miss
130 silly fetch manifest @esbuild/sunos-x64@0.21.5
131 silly packumentCache full:https://registry.npmjs.org/@esbuild%2fsunos-x64 cache-miss
132 silly fetch manifest @esbuild/win32-x64@0.21.5
133 silly packumentCache full:https://registry.npmjs.org/@esbuild%2fwin32-x64 cache-miss
134 silly fetch manifest @esbuild/darwin-x64@0.21.5
135 silly packumentCache full:https://registry.npmjs.org/@esbuild%2fdarwin-x64 cache-miss
136 silly fetch manifest @esbuild/linux-ia32@0.21.5
137 silly packumentCache full:https://registry.npmjs.org/@esbuild%2flinux-ia32 cache-miss
138 silly fetch manifest @esbuild/netbsd-x64@0.21.5
139 silly packumentCache full:https://registry.npmjs.org/@esbuild%2fnetbsd-x64 cache-miss
140 silly fetch manifest @esbuild/win32-ia32@0.21.5
141 silly packumentCache full:https://registry.npmjs.org/@esbuild%2fwin32-ia32 cache-miss
142 silly fetch manifest @esbuild/android-arm@0.21.5
143 silly packumentCache full:https://registry.npmjs.org/@esbuild%2fandroid-arm cache-miss
144 silly fetch manifest @esbuild/android-x64@0.21.5
145 silly packumentCache full:https://registry.npmjs.org/@esbuild%2fandroid-x64 cache-miss
146 silly fetch manifest @esbuild/freebsd-x64@0.21.5
147 silly packumentCache full:https://registry.npmjs.org/@esbuild%2ffreebsd-x64 cache-miss
148 silly fetch manifest @esbuild/linux-arm64@0.21.5
149 silly packumentCache full:https://registry.npmjs.org/@esbuild%2flinux-arm64 cache-miss
150 silly fetch manifest @esbuild/linux-ppc64@0.21.5
151 silly packumentCache full:https://registry.npmjs.org/@esbuild%2flinux-ppc64 cache-miss
152 silly fetch manifest @esbuild/linux-s390x@0.21.5
153 silly packumentCache full:https://registry.npmjs.org/@esbuild%2flinux-s390x cache-miss
154 silly fetch manifest @esbuild/openbsd-x64@0.21.5
155 silly packumentCache full:https://registry.npmjs.org/@esbuild%2fopenbsd-x64 cache-miss
156 silly fetch manifest @esbuild/win32-arm64@0.21.5
157 silly packumentCache full:https://registry.npmjs.org/@esbuild%2fwin32-arm64 cache-miss
158 silly fetch manifest @esbuild/darwin-arm64@0.21.5
159 silly packumentCache full:https://registry.npmjs.org/@esbuild%2fdarwin-arm64 cache-miss
160 silly fetch manifest @esbuild/android-arm64@0.21.5
161 silly packumentCache full:https://registry.npmjs.org/@esbuild%2fandroid-arm64 cache-miss
162 http fetch GET 200 https://registry.npmjs.org/@esbuild%2fnetbsd-x64 199ms (cache miss)
163 silly packumentCache full:https://registry.npmjs.org/@esbuild%2fnetbsd-x64 set size:undefined disposed:false
164 silly fetch manifest @esbuild/freebsd-arm64@0.21.5
165 silly packumentCache full:https://registry.npmjs.org/@esbuild%2ffreebsd-arm64 cache-miss
166 http fetch GET 200 https://registry.npmjs.org/@esbuild%2fdarwin-x64 207ms (cache miss)
167 silly packumentCache full:https://registry.npmjs.org/@esbuild%2fdarwin-x64 set size:undefined disposed:false
168 silly fetch manifest @esbuild/linux-loong64@0.21.5
169 silly packumentCache full:https://registry.npmjs.org/@esbuild%2flinux-loong64 cache-miss
170 http fetch GET 200 https://registry.npmjs.org/@esbuild%2flinux-ia32 219ms (cache miss)
171 silly packumentCache full:https://registry.npmjs.org/@esbuild%2flinux-ia32 set size:undefined disposed:false
172 silly fetch manifest @esbuild/linux-riscv64@0.21.5
173 silly packumentCache full:https://registry.npmjs.org/@esbuild%2flinux-riscv64 cache-miss
174 http fetch GET 200 https://registry.npmjs.org/@esbuild%2fwin32-x64 220ms (cache miss)
175 silly packumentCache full:https://registry.npmjs.org/@esbuild%2fwin32-x64 set size:undefined disposed:false
176 silly fetch manifest @esbuild/linux-mips64el@0.21.5
177 silly packumentCache full:https://registry.npmjs.org/@esbuild%2flinux-mips64el cache-miss
178 http fetch GET 200 https://registry.npmjs.org/@esbuild%2flinux-arm 225ms (cache miss)
179 silly packumentCache full:https://registry.npmjs.org/@esbuild%2flinux-arm set size:undefined disposed:false
180 silly fetch manifest nanoid@^3.3.11
181 silly packumentCache full:https://registry.npmjs.org/nanoid cache-miss
182 http fetch GET 200 https://registry.npmjs.org/@esbuild%2flinux-x64 226ms (cache miss)
183 silly packumentCache full:https://registry.npmjs.org/@esbuild%2flinux-x64 set size:undefined disposed:false
184 silly fetch manifest picocolors@^1.1.1
185 silly packumentCache full:https://registry.npmjs.org/picocolors cache-miss
186 http fetch GET 200 https://registry.npmjs.org/@esbuild%2faix-ppc64 240ms (cache miss)
187 silly packumentCache full:https://registry.npmjs.org/@esbuild%2faix-ppc64 set size:undefined disposed:false
188 silly fetch manifest source-map-js@^1.2.1
189 silly packumentCache full:https://registry.npmjs.org/source-map-js cache-miss
190 http fetch GET 200 https://registry.npmjs.org/@esbuild%2fsunos-x64 244ms (cache miss)
191 silly packumentCache full:https://registry.npmjs.org/@esbuild%2fsunos-x64 set size:undefined disposed:false
192 silly fetch manifest @types/estree@1.0.7
193 silly packumentCache full:https://registry.npmjs.org/@types%2festree cache-miss
194 http fetch GET 200 https://registry.npmjs.org/@esbuild%2fopenbsd-x64 394ms (cache miss)
195 silly packumentCache full:https://registry.npmjs.org/@esbuild%2fopenbsd-x64 set size:undefined disposed:false
196 silly fetch manifest @rollup/rollup-darwin-arm64@4.43.0
197 silly packumentCache full:https://registry.npmjs.org/@rollup%2frollup-darwin-arm64 cache-miss
198 http fetch GET 200 https://registry.npmjs.org/@esbuild%2fwin32-arm64 404ms (cache miss)
199 silly packumentCache full:https://registry.npmjs.org/@esbuild%2fwin32-arm64 set size:undefined disposed:false
200 silly fetch manifest @rollup/rollup-android-arm64@4.43.0
201 silly packumentCache full:https://registry.npmjs.org/@rollup%2frollup-android-arm64 cache-miss
202 http fetch GET 200 https://registry.npmjs.org/@esbuild%2fdarwin-arm64 423ms (cache miss)
203 silly packumentCache full:https://registry.npmjs.org/@esbuild%2fdarwin-arm64 set size:undefined disposed:false
204 silly fetch manifest @rollup/rollup-win32-arm64-msvc@4.43.0
205 silly packumentCache full:https://registry.npmjs.org/@rollup%2frollup-win32-arm64-msvc cache-miss
206 http fetch GET 200 https://registry.npmjs.org/@esbuild%2ffreebsd-arm64 229ms (cache miss)
207 silly packumentCache full:https://registry.npmjs.org/@esbuild%2ffreebsd-arm64 set size:undefined disposed:false
208 silly fetch manifest @rollup/rollup-freebsd-arm64@4.43.0
209 silly packumentCache full:https://registry.npmjs.org/@rollup%2frollup-freebsd-arm64 cache-miss
210 http fetch GET 200 https://registry.npmjs.org/@esbuild%2fandroid-arm64 436ms (cache miss)
211 silly packumentCache full:https://registry.npmjs.org/@esbuild%2fandroid-arm64 set size:undefined disposed:false
212 silly fetch manifest @rollup/rollup-linux-arm64-gnu@4.43.0
213 silly packumentCache full:https://registry.npmjs.org/@rollup%2frollup-linux-arm64-gnu cache-miss
214 http fetch GET 200 https://registry.npmjs.org/@esbuild%2flinux-loong64 233ms (cache miss)
215 silly packumentCache full:https://registry.npmjs.org/@esbuild%2flinux-loong64 set size:undefined disposed:false
216 silly fetch manifest @rollup/rollup-linux-arm64-musl@4.43.0
217 silly packumentCache full:https://registry.npmjs.org/@rollup%2frollup-linux-arm64-musl cache-miss
218 http fetch GET 200 https://registry.npmjs.org/@esbuild%2flinux-riscv64 247ms (cache miss)
219 silly packumentCache full:https://registry.npmjs.org/@esbuild%2flinux-riscv64 set size:undefined disposed:false
220 silly fetch manifest @rollup/rollup-android-arm-eabi@4.43.0
221 silly packumentCache full:https://registry.npmjs.org/@rollup%2frollup-android-arm-eabi cache-miss
222 http fetch GET 200 https://registry.npmjs.org/@esbuild%2flinux-mips64el 265ms (cache miss)
223 silly packumentCache full:https://registry.npmjs.org/@esbuild%2flinux-mips64el set size:undefined disposed:false
224 silly fetch manifest @rollup/rollup-linux-arm-gnueabihf@4.43.0
225 silly packumentCache full:https://registry.npmjs.org/@rollup%2frollup-linux-arm-gnueabihf cache-miss
226 http fetch GET 200 https://registry.npmjs.org/nanoid 354ms (cache miss)
227 silly packumentCache full:https://registry.npmjs.org/nanoid set size:undefined disposed:false
228 silly fetch manifest @rollup/rollup-linux-arm-musleabihf@4.43.0
229 silly packumentCache full:https://registry.npmjs.org/@rollup%2frollup-linux-arm-musleabihf cache-miss
230 http fetch GET 200 https://registry.npmjs.org/picocolors 363ms (cache miss)
231 silly packumentCache full:https://registry.npmjs.org/picocolors set size:undefined disposed:false
232 silly fetch manifest @rollup/rollup-win32-ia32-msvc@4.43.0
233 silly packumentCache full:https://registry.npmjs.org/@rollup%2frollup-win32-ia32-msvc cache-miss
234 http fetch GET 200 https://registry.npmjs.org/source-map-js 368ms (cache miss)
235 silly packumentCache full:https://registry.npmjs.org/source-map-js set size:undefined disposed:false
236 silly fetch manifest @rollup/rollup-linux-loongarch64-gnu@4.43.0
237 silly packumentCache full:https://registry.npmjs.org/@rollup%2frollup-linux-loongarch64-gnu cache-miss
238 http fetch GET 200 https://registry.npmjs.org/@types%2festree 378ms (cache miss)
239 silly packumentCache full:https://registry.npmjs.org/@types%2festree set size:undefined disposed:false
240 silly fetch manifest @rollup/rollup-linux-riscv64-gnu@4.43.0
241 silly packumentCache full:https://registry.npmjs.org/@rollup%2frollup-linux-riscv64-gnu cache-miss
242 http fetch GET 200 https://registry.npmjs.org/@rollup%2frollup-darwin-arm64 259ms (cache miss)
243 silly packumentCache full:https://registry.npmjs.org/@rollup%2frollup-darwin-arm64 set size:undefined disposed:false
244 silly fetch manifest @rollup/rollup-linux-riscv64-musl@4.43.0
245 silly packumentCache full:https://registry.npmjs.org/@rollup%2frollup-linux-riscv64-musl cache-miss
246 http fetch GET 200 https://registry.npmjs.org/@rollup%2frollup-android-arm64 251ms (cache miss)
247 silly packumentCache full:https://registry.npmjs.org/@rollup%2frollup-android-arm64 set size:undefined disposed:false
248 silly fetch manifest @rollup/rollup-linux-powerpc64le-gnu@4.43.0
249 silly packumentCache full:https://registry.npmjs.org/@rollup%2frollup-linux-powerpc64le-gnu cache-miss
250 http fetch GET 200 https://registry.npmjs.org/@esbuild%2fwin32-ia32 657ms (cache miss)
251 silly packumentCache full:https://registry.npmjs.org/@esbuild%2fwin32-ia32 set size:undefined disposed:false
252 silly fetch manifest @rollup/rollup-linux-s390x-gnu@4.43.0
253 silly packumentCache full:https://registry.npmjs.org/@rollup%2frollup-linux-s390x-gnu cache-miss
254 http fetch GET 200 https://registry.npmjs.org/@esbuild%2fandroid-x64 673ms (cache miss)
255 silly packumentCache full:https://registry.npmjs.org/@esbuild%2fandroid-x64 set size:undefined disposed:false
256 silly fetch manifest @rollup/rollup-darwin-x64@4.43.0
257 silly packumentCache full:https://registry.npmjs.org/@rollup%2frollup-darwin-x64 cache-miss
258 http fetch GET 200 https://registry.npmjs.org/@esbuild%2fandroid-arm 686ms (cache miss)
259 silly packumentCache full:https://registry.npmjs.org/@esbuild%2fandroid-arm set size:undefined disposed:false
260 silly fetch manifest @rollup/rollup-win32-x64-msvc@4.43.0
261 silly packumentCache full:https://registry.npmjs.org/@rollup%2frollup-win32-x64-msvc cache-miss
262 http fetch GET 200 https://registry.npmjs.org/@rollup%2frollup-win32-arm64-msvc 285ms (cache miss)
263 silly packumentCache full:https://registry.npmjs.org/@rollup%2frollup-win32-arm64-msvc set size:undefined disposed:false
264 silly fetch manifest @rollup/rollup-freebsd-x64@4.43.0
265 silly packumentCache full:https://registry.npmjs.org/@rollup%2frollup-freebsd-x64 cache-miss
266 http fetch GET 200 https://registry.npmjs.org/@esbuild%2ffreebsd-x64 724ms (cache miss)
267 silly packumentCache full:https://registry.npmjs.org/@esbuild%2ffreebsd-x64 set size:undefined disposed:false
268 silly fetch manifest @rollup/rollup-linux-x64-gnu@4.43.0
269 silly packumentCache full:https://registry.npmjs.org/@rollup%2frollup-linux-x64-gnu cache-miss
270 http fetch GET 200 https://registry.npmjs.org/@rollup%2frollup-freebsd-arm64 294ms (cache miss)
271 silly packumentCache full:https://registry.npmjs.org/@rollup%2frollup-freebsd-arm64 set size:undefined disposed:false
272 silly fetch manifest @rollup/rollup-linux-x64-musl@4.43.0
273 silly packumentCache full:https://registry.npmjs.org/@rollup%2frollup-linux-x64-musl cache-miss
274 http fetch GET 200 https://registry.npmjs.org/@esbuild%2flinux-ppc64 728ms (cache miss)
275 silly packumentCache full:https://registry.npmjs.org/@esbuild%2flinux-ppc64 set size:undefined disposed:false
276 http fetch GET 200 https://registry.npmjs.org/@esbuild%2flinux-arm64 749ms (cache miss)
277 silly packumentCache full:https://registry.npmjs.org/@esbuild%2flinux-arm64 set size:undefined disposed:false
278 http fetch GET 200 https://registry.npmjs.org/@esbuild%2flinux-s390x 750ms (cache miss)
279 silly packumentCache full:https://registry.npmjs.org/@esbuild%2flinux-s390x set size:undefined disposed:false
280 http fetch GET 200 https://registry.npmjs.org/@rollup%2frollup-linux-arm64-gnu 326ms (cache miss)
281 silly packumentCache full:https://registry.npmjs.org/@rollup%2frollup-linux-arm64-gnu set size:undefined disposed:false
282 http fetch GET 200 https://registry.npmjs.org/@rollup%2frollup-linux-arm64-musl 339ms (cache miss)
283 silly packumentCache full:https://registry.npmjs.org/@rollup%2frollup-linux-arm64-musl set size:undefined disposed:false
284 http fetch GET 200 https://registry.npmjs.org/@rollup%2frollup-linux-arm-gnueabihf 342ms (cache miss)
285 silly packumentCache full:https://registry.npmjs.org/@rollup%2frollup-linux-arm-gnueabihf set size:undefined disposed:false
286 http fetch GET 200 https://registry.npmjs.org/@rollup%2frollup-android-arm-eabi 363ms (cache miss)
287 silly packumentCache full:https://registry.npmjs.org/@rollup%2frollup-android-arm-eabi set size:undefined disposed:false
288 http fetch GET 200 https://registry.npmjs.org/@rollup%2frollup-linux-loongarch64-gnu 245ms (cache miss)
289 silly packumentCache full:https://registry.npmjs.org/@rollup%2frollup-linux-loongarch64-gnu set size:undefined disposed:false
290 http fetch GET 200 https://registry.npmjs.org/@rollup%2frollup-linux-arm-musleabihf 274ms (cache miss)
291 silly packumentCache full:https://registry.npmjs.org/@rollup%2frollup-linux-arm-musleabihf set size:undefined disposed:false
292 http fetch GET 200 https://registry.npmjs.org/@rollup%2frollup-win32-ia32-msvc 271ms (cache miss)
293 silly packumentCache full:https://registry.npmjs.org/@rollup%2frollup-win32-ia32-msvc set size:undefined disposed:false
294 http fetch GET 200 https://registry.npmjs.org/@rollup%2frollup-linux-riscv64-musl 232ms (cache miss)
295 silly packumentCache full:https://registry.npmjs.org/@rollup%2frollup-linux-riscv64-musl set size:undefined disposed:false
296 http fetch GET 200 https://registry.npmjs.org/@rollup%2frollup-linux-riscv64-gnu 270ms (cache miss)
297 silly packumentCache full:https://registry.npmjs.org/@rollup%2frollup-linux-riscv64-gnu set size:undefined disposed:false
298 http fetch GET 200 https://registry.npmjs.org/@rollup%2frollup-linux-s390x-gnu 263ms (cache miss)
299 silly packumentCache full:https://registry.npmjs.org/@rollup%2frollup-linux-s390x-gnu set size:undefined disposed:false
300 http fetch GET 200 https://registry.npmjs.org/@rollup%2frollup-win32-x64-msvc 236ms (cache miss)
301 silly packumentCache full:https://registry.npmjs.org/@rollup%2frollup-win32-x64-msvc set size:undefined disposed:false
302 http fetch GET 200 https://registry.npmjs.org/@rollup%2frollup-linux-x64-gnu 208ms (cache miss)
303 silly packumentCache full:https://registry.npmjs.org/@rollup%2frollup-linux-x64-gnu set size:undefined disposed:false
304 http fetch GET 200 https://registry.npmjs.org/@rollup%2frollup-freebsd-x64 243ms (cache miss)
305 silly packumentCache full:https://registry.npmjs.org/@rollup%2frollup-freebsd-x64 set size:undefined disposed:false
306 http fetch GET 200 https://registry.npmjs.org/@rollup%2frollup-darwin-x64 279ms (cache miss)
307 silly packumentCache full:https://registry.npmjs.org/@rollup%2frollup-darwin-x64 set size:undefined disposed:false
308 http fetch GET 200 https://registry.npmjs.org/@rollup%2frollup-linux-powerpc64le-gnu 297ms (cache miss)
309 silly packumentCache full:https://registry.npmjs.org/@rollup%2frollup-linux-powerpc64le-gnu set size:undefined disposed:false
310 http fetch GET 200 https://registry.npmjs.org/@rollup%2frollup-linux-x64-musl 230ms (cache miss)
311 silly packumentCache full:https://registry.npmjs.org/@rollup%2frollup-linux-x64-musl set size:undefined disposed:false
312 silly placeDep ROOT @esbuild/aix-ppc64@0.21.5 OK for: esbuild@0.21.5 want: 0.21.5
313 silly placeDep ROOT @esbuild/android-arm@0.21.5 OK for: esbuild@0.21.5 want: 0.21.5
314 silly placeDep ROOT @esbuild/android-arm64@0.21.5 OK for: esbuild@0.21.5 want: 0.21.5
315 silly placeDep ROOT @esbuild/android-x64@0.21.5 OK for: esbuild@0.21.5 want: 0.21.5
316 silly placeDep ROOT @esbuild/darwin-arm64@0.21.5 OK for: esbuild@0.21.5 want: 0.21.5
317 silly placeDep ROOT @esbuild/darwin-x64@0.21.5 OK for: esbuild@0.21.5 want: 0.21.5
318 silly placeDep ROOT @esbuild/freebsd-arm64@0.21.5 OK for: esbuild@0.21.5 want: 0.21.5
319 silly placeDep ROOT @esbuild/freebsd-x64@0.21.5 OK for: esbuild@0.21.5 want: 0.21.5
320 silly placeDep ROOT @esbuild/linux-arm@0.21.5 OK for: esbuild@0.21.5 want: 0.21.5
321 silly placeDep ROOT @esbuild/linux-arm64@0.21.5 OK for: esbuild@0.21.5 want: 0.21.5
322 silly placeDep ROOT @esbuild/linux-ia32@0.21.5 OK for: esbuild@0.21.5 want: 0.21.5
323 silly placeDep ROOT @esbuild/linux-loong64@0.21.5 OK for: esbuild@0.21.5 want: 0.21.5
324 silly placeDep ROOT @esbuild/linux-mips64el@0.21.5 OK for: esbuild@0.21.5 want: 0.21.5
325 silly placeDep ROOT @esbuild/linux-ppc64@0.21.5 OK for: esbuild@0.21.5 want: 0.21.5
326 silly placeDep ROOT @esbuild/linux-riscv64@0.21.5 OK for: esbuild@0.21.5 want: 0.21.5
327 silly placeDep ROOT @esbuild/linux-s390x@0.21.5 OK for: esbuild@0.21.5 want: 0.21.5
328 silly placeDep ROOT @esbuild/linux-x64@0.21.5 OK for: esbuild@0.21.5 want: 0.21.5
329 silly placeDep ROOT @esbuild/netbsd-x64@0.21.5 OK for: esbuild@0.21.5 want: 0.21.5
330 silly placeDep ROOT @esbuild/openbsd-x64@0.21.5 OK for: esbuild@0.21.5 want: 0.21.5
331 silly placeDep ROOT @esbuild/sunos-x64@0.21.5 OK for: esbuild@0.21.5 want: 0.21.5
332 silly placeDep ROOT @esbuild/win32-arm64@0.21.5 OK for: esbuild@0.21.5 want: 0.21.5
333 silly placeDep ROOT @esbuild/win32-ia32@0.21.5 OK for: esbuild@0.21.5 want: 0.21.5
334 silly placeDep ROOT @esbuild/win32-x64@0.21.5 OK for: esbuild@0.21.5 want: 0.21.5
335 silly placeDep ROOT nanoid@3.3.11 OK for: postcss@8.5.5 want: ^3.3.11
336 silly placeDep ROOT picocolors@1.1.1 OK for: postcss@8.5.5 want: ^1.1.1
337 silly placeDep ROOT source-map-js@1.2.1 OK for: postcss@8.5.5 want: ^1.2.1
338 silly placeDep ROOT @rollup/rollup-android-arm-eabi@4.43.0 OK for: rollup@4.43.0 want: 4.43.0
339 silly placeDep ROOT @rollup/rollup-android-arm64@4.43.0 OK for: rollup@4.43.0 want: 4.43.0
340 silly placeDep ROOT @rollup/rollup-darwin-arm64@4.43.0 OK for: rollup@4.43.0 want: 4.43.0
341 silly placeDep ROOT @rollup/rollup-darwin-x64@4.43.0 OK for: rollup@4.43.0 want: 4.43.0
342 silly placeDep ROOT @rollup/rollup-freebsd-arm64@4.43.0 OK for: rollup@4.43.0 want: 4.43.0
343 silly placeDep ROOT @rollup/rollup-freebsd-x64@4.43.0 OK for: rollup@4.43.0 want: 4.43.0
344 silly placeDep ROOT @rollup/rollup-linux-arm-gnueabihf@4.43.0 OK for: rollup@4.43.0 want: 4.43.0
345 silly placeDep ROOT @rollup/rollup-linux-arm-musleabihf@4.43.0 OK for: rollup@4.43.0 want: 4.43.0
346 silly placeDep ROOT @rollup/rollup-linux-arm64-gnu@4.43.0 OK for: rollup@4.43.0 want: 4.43.0
347 silly placeDep ROOT @rollup/rollup-linux-arm64-musl@4.43.0 OK for: rollup@4.43.0 want: 4.43.0
348 silly placeDep ROOT @rollup/rollup-linux-loongarch64-gnu@4.43.0 OK for: rollup@4.43.0 want: 4.43.0
349 silly placeDep ROOT @rollup/rollup-linux-powerpc64le-gnu@4.43.0 OK for: rollup@4.43.0 want: 4.43.0
350 silly placeDep ROOT @rollup/rollup-linux-riscv64-gnu@4.43.0 OK for: rollup@4.43.0 want: 4.43.0
351 silly placeDep ROOT @rollup/rollup-linux-riscv64-musl@4.43.0 OK for: rollup@4.43.0 want: 4.43.0
352 silly placeDep ROOT @rollup/rollup-linux-s390x-gnu@4.43.0 OK for: rollup@4.43.0 want: 4.43.0
353 silly placeDep ROOT @rollup/rollup-linux-x64-gnu@4.43.0 OK for: rollup@4.43.0 want: 4.43.0
354 silly placeDep ROOT @rollup/rollup-linux-x64-musl@4.43.0 OK for: rollup@4.43.0 want: 4.43.0
355 silly placeDep ROOT @rollup/rollup-win32-arm64-msvc@4.43.0 OK for: rollup@4.43.0 want: 4.43.0
356 silly placeDep ROOT @rollup/rollup-win32-ia32-msvc@4.43.0 OK for: rollup@4.43.0 want: 4.43.0
357 silly placeDep ROOT @rollup/rollup-win32-x64-msvc@4.43.0 OK for: rollup@4.43.0 want: 4.43.0
358 silly placeDep ROOT @types/estree@1.0.7 OK for: rollup@4.43.0 want: 1.0.7
359 silly reify moves {}
360 silly audit bulk request {
360 silly audit   react: [ '18.3.1' ],
360 silly audit   'react-dom': [ '18.3.1' ],
360 silly audit   'react-router-dom': [ '6.30.1' ],
360 silly audit   vite: [ '5.4.19' ],
360 silly audit   'loose-envify': [ '1.4.0' ],
360 silly audit   'js-tokens': [ '4.0.0' ],
360 silly audit   scheduler: [ '0.23.2' ],
360 silly audit   '@remix-run/router': [ '1.23.0' ],
360 silly audit   'react-router': [ '6.30.1' ],
360 silly audit   esbuild: [ '0.21.5' ],
360 silly audit   fsevents: [ '2.3.3' ],
360 silly audit   postcss: [ '8.5.5' ],
360 silly audit   rollup: [ '4.43.0' ],
360 silly audit   '@esbuild/aix-ppc64': [ '0.21.5' ],
360 silly audit   '@esbuild/android-arm': [ '0.21.5' ],
360 silly audit   '@esbuild/android-arm64': [ '0.21.5' ],
360 silly audit   '@esbuild/android-x64': [ '0.21.5' ],
360 silly audit   '@esbuild/darwin-arm64': [ '0.21.5' ],
360 silly audit   '@esbuild/darwin-x64': [ '0.21.5' ],
360 silly audit   '@esbuild/freebsd-arm64': [ '0.21.5' ],
360 silly audit   '@esbuild/freebsd-x64': [ '0.21.5' ],
360 silly audit   '@esbuild/linux-arm': [ '0.21.5' ],
360 silly audit   '@esbuild/linux-arm64': [ '0.21.5' ],
360 silly audit   '@esbuild/linux-ia32': [ '0.21.5' ],
360 silly audit   '@esbuild/linux-loong64': [ '0.21.5' ],
360 silly audit   '@esbuild/linux-mips64el': [ '0.21.5' ],
360 silly audit   '@esbuild/linux-ppc64': [ '0.21.5' ],
360 silly audit   '@esbuild/linux-riscv64': [ '0.21.5' ],
360 silly audit   '@esbuild/linux-s390x': [ '0.21.5' ],
360 silly audit   '@esbuild/linux-x64': [ '0.21.5' ],
360 silly audit   '@esbuild/netbsd-x64': [ '0.21.5' ],
360 silly audit   '@esbuild/openbsd-x64': [ '0.21.5' ],
360 silly audit   '@esbuild/sunos-x64': [ '0.21.5' ],
360 silly audit   '@esbuild/win32-arm64': [ '0.21.5' ],
360 silly audit   '@esbuild/win32-ia32': [ '0.21.5' ],
360 silly audit   '@esbuild/win32-x64': [ '0.21.5' ],
360 silly audit   nanoid: [ '3.3.11' ],
360 silly audit   picocolors: [ '1.1.1' ],
360 silly audit   'source-map-js': [ '1.2.1' ],
360 silly audit   '@rollup/rollup-android-arm-eabi': [ '4.43.0' ],
360 silly audit   '@rollup/rollup-android-arm64': [ '4.43.0' ],
360 silly audit   '@rollup/rollup-darwin-arm64': [ '4.43.0' ],
360 silly audit   '@rollup/rollup-darwin-x64': [ '4.43.0' ],
360 silly audit   '@rollup/rollup-freebsd-arm64': [ '4.43.0' ],
360 silly audit   '@rollup/rollup-freebsd-x64': [ '4.43.0' ],
360 silly audit   '@rollup/rollup-linux-arm-gnueabihf': [ '4.43.0' ],
360 silly audit   '@rollup/rollup-linux-arm-musleabihf': [ '4.43.0' ],
360 silly audit   '@rollup/rollup-linux-arm64-gnu': [ '4.43.0' ],
360 silly audit   '@rollup/rollup-linux-arm64-musl': [ '4.43.0' ],
360 silly audit   '@rollup/rollup-linux-loongarch64-gnu': [ '4.43.0' ],
360 silly audit   '@rollup/rollup-linux-powerpc64le-gnu': [ '4.43.0' ],
360 silly audit   '@rollup/rollup-linux-riscv64-gnu': [ '4.43.0' ],
360 silly audit   '@rollup/rollup-linux-riscv64-musl': [ '4.43.0' ],
360 silly audit   '@rollup/rollup-linux-s390x-gnu': [ '4.43.0' ],
360 silly audit   '@rollup/rollup-linux-x64-gnu': [ '4.43.0' ],
360 silly audit   '@rollup/rollup-linux-x64-musl': [ '4.43.0' ],
360 silly audit   '@rollup/rollup-win32-arm64-msvc': [ '4.43.0' ],
360 silly audit   '@rollup/rollup-win32-ia32-msvc': [ '4.43.0' ],
360 silly audit   '@rollup/rollup-win32-x64-msvc': [ '4.43.0' ],
360 silly audit   '@types/estree': [ '1.0.7' ]
360 silly audit }
361 verbose reify failed optional dependency E:\Github\i3nya\node_modules\@rollup\rollup-win32-ia32-msvc
362 silly reify mark deleted [ 'E:\\Github\\i3nya\\node_modules\\@rollup\\rollup-win32-ia32-msvc' ]
363 verbose reify failed optional dependency E:\Github\i3nya\node_modules\@rollup\rollup-win32-arm64-msvc
364 silly reify mark deleted [ 'E:\\Github\\i3nya\\node_modules\\@rollup\\rollup-win32-arm64-msvc' ]
365 verbose reify failed optional dependency E:\Github\i3nya\node_modules\@rollup\rollup-linux-x64-musl
366 silly reify mark deleted [ 'E:\\Github\\i3nya\\node_modules\\@rollup\\rollup-linux-x64-musl' ]
367 verbose reify failed optional dependency E:\Github\i3nya\node_modules\@rollup\rollup-linux-x64-gnu
368 silly reify mark deleted [ 'E:\\Github\\i3nya\\node_modules\\@rollup\\rollup-linux-x64-gnu' ]
369 verbose reify failed optional dependency E:\Github\i3nya\node_modules\@rollup\rollup-linux-s390x-gnu
370 silly reify mark deleted [ 'E:\\Github\\i3nya\\node_modules\\@rollup\\rollup-linux-s390x-gnu' ]
371 verbose reify failed optional dependency E:\Github\i3nya\node_modules\@rollup\rollup-linux-riscv64-musl
372 silly reify mark deleted [
372 silly reify   'E:\\Github\\i3nya\\node_modules\\@rollup\\rollup-linux-riscv64-musl'
372 silly reify ]
373 verbose reify failed optional dependency E:\Github\i3nya\node_modules\@rollup\rollup-linux-riscv64-gnu
374 silly reify mark deleted [
374 silly reify   'E:\\Github\\i3nya\\node_modules\\@rollup\\rollup-linux-riscv64-gnu'
374 silly reify ]
375 verbose reify failed optional dependency E:\Github\i3nya\node_modules\@rollup\rollup-linux-powerpc64le-gnu
376 silly reify mark deleted [
376 silly reify   'E:\\Github\\i3nya\\node_modules\\@rollup\\rollup-linux-powerpc64le-gnu'
376 silly reify ]
377 verbose reify failed optional dependency E:\Github\i3nya\node_modules\@rollup\rollup-linux-loongarch64-gnu
378 silly reify mark deleted [
378 silly reify   'E:\\Github\\i3nya\\node_modules\\@rollup\\rollup-linux-loongarch64-gnu'
378 silly reify ]
379 verbose reify failed optional dependency E:\Github\i3nya\node_modules\@rollup\rollup-linux-arm64-musl
380 silly reify mark deleted [ 'E:\\Github\\i3nya\\node_modules\\@rollup\\rollup-linux-arm64-musl' ]
381 verbose reify failed optional dependency E:\Github\i3nya\node_modules\@rollup\rollup-linux-arm64-gnu
382 silly reify mark deleted [ 'E:\\Github\\i3nya\\node_modules\\@rollup\\rollup-linux-arm64-gnu' ]
383 verbose reify failed optional dependency E:\Github\i3nya\node_modules\@rollup\rollup-linux-arm-musleabihf
384 silly reify mark deleted [
384 silly reify   'E:\\Github\\i3nya\\node_modules\\@rollup\\rollup-linux-arm-musleabihf'
384 silly reify ]
385 verbose reify failed optional dependency E:\Github\i3nya\node_modules\@rollup\rollup-linux-arm-gnueabihf
386 silly reify mark deleted [
386 silly reify   'E:\\Github\\i3nya\\node_modules\\@rollup\\rollup-linux-arm-gnueabihf'
386 silly reify ]
387 verbose reify failed optional dependency E:\Github\i3nya\node_modules\@rollup\rollup-freebsd-x64
388 silly reify mark deleted [ 'E:\\Github\\i3nya\\node_modules\\@rollup\\rollup-freebsd-x64' ]
389 verbose reify failed optional dependency E:\Github\i3nya\node_modules\@rollup\rollup-freebsd-arm64
390 silly reify mark deleted [ 'E:\\Github\\i3nya\\node_modules\\@rollup\\rollup-freebsd-arm64' ]
391 verbose reify failed optional dependency E:\Github\i3nya\node_modules\@rollup\rollup-darwin-x64
392 silly reify mark deleted [ 'E:\\Github\\i3nya\\node_modules\\@rollup\\rollup-darwin-x64' ]
393 verbose reify failed optional dependency E:\Github\i3nya\node_modules\@rollup\rollup-darwin-arm64
394 silly reify mark deleted [ 'E:\\Github\\i3nya\\node_modules\\@rollup\\rollup-darwin-arm64' ]
395 verbose reify failed optional dependency E:\Github\i3nya\node_modules\@rollup\rollup-android-arm64
396 silly reify mark deleted [ 'E:\\Github\\i3nya\\node_modules\\@rollup\\rollup-android-arm64' ]
397 verbose reify failed optional dependency E:\Github\i3nya\node_modules\@rollup\rollup-android-arm-eabi
398 silly reify mark deleted [ 'E:\\Github\\i3nya\\node_modules\\@rollup\\rollup-android-arm-eabi' ]
399 verbose reify failed optional dependency E:\Github\i3nya\node_modules\@esbuild\win32-ia32
400 silly reify mark deleted [ 'E:\\Github\\i3nya\\node_modules\\@esbuild\\win32-ia32' ]
401 verbose reify failed optional dependency E:\Github\i3nya\node_modules\@esbuild\win32-arm64
402 silly reify mark deleted [ 'E:\\Github\\i3nya\\node_modules\\@esbuild\\win32-arm64' ]
403 verbose reify failed optional dependency E:\Github\i3nya\node_modules\@esbuild\sunos-x64
404 silly reify mark deleted [ 'E:\\Github\\i3nya\\node_modules\\@esbuild\\sunos-x64' ]
405 verbose reify failed optional dependency E:\Github\i3nya\node_modules\@esbuild\openbsd-x64
406 silly reify mark deleted [ 'E:\\Github\\i3nya\\node_modules\\@esbuild\\openbsd-x64' ]
407 verbose reify failed optional dependency E:\Github\i3nya\node_modules\@esbuild\netbsd-x64
408 silly reify mark deleted [ 'E:\\Github\\i3nya\\node_modules\\@esbuild\\netbsd-x64' ]
409 verbose reify failed optional dependency E:\Github\i3nya\node_modules\@esbuild\linux-x64
410 silly reify mark deleted [ 'E:\\Github\\i3nya\\node_modules\\@esbuild\\linux-x64' ]
411 verbose reify failed optional dependency E:\Github\i3nya\node_modules\@esbuild\linux-s390x
412 silly reify mark deleted [ 'E:\\Github\\i3nya\\node_modules\\@esbuild\\linux-s390x' ]
413 verbose reify failed optional dependency E:\Github\i3nya\node_modules\@esbuild\linux-riscv64
414 silly reify mark deleted [ 'E:\\Github\\i3nya\\node_modules\\@esbuild\\linux-riscv64' ]
415 verbose reify failed optional dependency E:\Github\i3nya\node_modules\@esbuild\linux-ppc64
416 silly reify mark deleted [ 'E:\\Github\\i3nya\\node_modules\\@esbuild\\linux-ppc64' ]
417 verbose reify failed optional dependency E:\Github\i3nya\node_modules\@esbuild\linux-mips64el
418 silly reify mark deleted [ 'E:\\Github\\i3nya\\node_modules\\@esbuild\\linux-mips64el' ]
419 verbose reify failed optional dependency E:\Github\i3nya\node_modules\@esbuild\linux-loong64
420 silly reify mark deleted [ 'E:\\Github\\i3nya\\node_modules\\@esbuild\\linux-loong64' ]
421 verbose reify failed optional dependency E:\Github\i3nya\node_modules\@esbuild\linux-ia32
422 silly reify mark deleted [ 'E:\\Github\\i3nya\\node_modules\\@esbuild\\linux-ia32' ]
423 verbose reify failed optional dependency E:\Github\i3nya\node_modules\@esbuild\linux-arm64
424 silly reify mark deleted [ 'E:\\Github\\i3nya\\node_modules\\@esbuild\\linux-arm64' ]
425 verbose reify failed optional dependency E:\Github\i3nya\node_modules\@esbuild\linux-arm
426 silly reify mark deleted [ 'E:\\Github\\i3nya\\node_modules\\@esbuild\\linux-arm' ]
427 verbose reify failed optional dependency E:\Github\i3nya\node_modules\@esbuild\freebsd-x64
428 silly reify mark deleted [ 'E:\\Github\\i3nya\\node_modules\\@esbuild\\freebsd-x64' ]
429 verbose reify failed optional dependency E:\Github\i3nya\node_modules\@esbuild\freebsd-arm64
430 silly reify mark deleted [ 'E:\\Github\\i3nya\\node_modules\\@esbuild\\freebsd-arm64' ]
431 verbose reify failed optional dependency E:\Github\i3nya\node_modules\@esbuild\darwin-x64
432 silly reify mark deleted [ 'E:\\Github\\i3nya\\node_modules\\@esbuild\\darwin-x64' ]
433 verbose reify failed optional dependency E:\Github\i3nya\node_modules\@esbuild\darwin-arm64
434 silly reify mark deleted [ 'E:\\Github\\i3nya\\node_modules\\@esbuild\\darwin-arm64' ]
435 verbose reify failed optional dependency E:\Github\i3nya\node_modules\@esbuild\android-x64
436 silly reify mark deleted [ 'E:\\Github\\i3nya\\node_modules\\@esbuild\\android-x64' ]
437 verbose reify failed optional dependency E:\Github\i3nya\node_modules\@esbuild\android-arm64
438 silly reify mark deleted [ 'E:\\Github\\i3nya\\node_modules\\@esbuild\\android-arm64' ]
439 verbose reify failed optional dependency E:\Github\i3nya\node_modules\@esbuild\android-arm
440 silly reify mark deleted [ 'E:\\Github\\i3nya\\node_modules\\@esbuild\\android-arm' ]
441 verbose reify failed optional dependency E:\Github\i3nya\node_modules\@esbuild\aix-ppc64
442 silly reify mark deleted [ 'E:\\Github\\i3nya\\node_modules\\@esbuild\\aix-ppc64' ]
443 verbose reify failed optional dependency E:\Github\i3nya\node_modules\fsevents
444 silly reify mark deleted [ 'E:\\Github\\i3nya\\node_modules\\fsevents' ]
445 http cache source-map-js@https://registry.npmjs.org/source-map-js/-/source-map-js-1.2.1.tgz 0ms (cache hit)
446 http cache @rollup/rollup-win32-x64-msvc@https://registry.npmjs.org/@rollup/rollup-win32-x64-msvc/-/rollup-win32-x64-msvc-4.43.0.tgz 0ms (cache hit)
447 http cache @types/estree@https://registry.npmjs.org/@types/estree/-/estree-1.0.7.tgz 0ms (cache hit)
448 http cache postcss@https://registry.npmjs.org/postcss/-/postcss-8.5.5.tgz 0ms (cache hit)
449 http cache rollup@https://registry.npmjs.org/rollup/-/rollup-4.43.0.tgz 0ms (cache hit)
450 http cache @esbuild/win32-x64@https://registry.npmjs.org/@esbuild/win32-x64/-/win32-x64-0.21.5.tgz 0ms (cache hit)
451 http cache picocolors@https://registry.npmjs.org/picocolors/-/picocolors-1.1.1.tgz 0ms (cache hit)
452 http cache react-router@https://registry.npmjs.org/react-router/-/react-router-6.30.1.tgz 0ms (cache hit)
453 http cache esbuild@https://registry.npmjs.org/esbuild/-/esbuild-0.21.5.tgz 0ms (cache hit)
454 http cache nanoid@https://registry.npmjs.org/nanoid/-/nanoid-3.3.11.tgz 0ms (cache hit)
455 http cache js-tokens@https://registry.npmjs.org/js-tokens/-/js-tokens-4.0.0.tgz 0ms (cache hit)
456 http cache scheduler@https://registry.npmjs.org/scheduler/-/scheduler-0.23.2.tgz 0ms (cache hit)
457 http cache @remix-run/router@https://registry.npmjs.org/@remix-run/router/-/router-1.23.0.tgz 0ms (cache hit)
458 http cache loose-envify@https://registry.npmjs.org/loose-envify/-/loose-envify-1.4.0.tgz 0ms (cache hit)
459 http cache vite@https://registry.npmjs.org/vite/-/vite-5.4.19.tgz 0ms (cache hit)
460 http cache react-dom@https://registry.npmjs.org/react-dom/-/react-dom-18.3.1.tgz 0ms (cache hit)
461 http cache react@https://registry.npmjs.org/react/-/react-18.3.1.tgz 0ms (cache hit)
462 http cache react-router-dom@https://registry.npmjs.org/react-router-dom/-/react-router-dom-6.30.1.tgz 0ms (cache hit)
463 silly tarball no local data for source-map-js@https://registry.npmjs.org/source-map-js/-/source-map-js-1.2.1.tgz. Extracting by manifest.
464 silly tarball no local data for @rollup/rollup-win32-x64-msvc@https://registry.npmjs.org/@rollup/rollup-win32-x64-msvc/-/rollup-win32-x64-msvc-4.43.0.tgz. Extracting by manifest.
465 silly tarball no local data for @types/estree@https://registry.npmjs.org/@types/estree/-/estree-1.0.7.tgz. Extracting by manifest.
466 silly tarball no local data for postcss@https://registry.npmjs.org/postcss/-/postcss-8.5.5.tgz. Extracting by manifest.
467 silly tarball no local data for rollup@https://registry.npmjs.org/rollup/-/rollup-4.43.0.tgz. Extracting by manifest.
468 silly tarball no local data for @esbuild/win32-x64@https://registry.npmjs.org/@esbuild/win32-x64/-/win32-x64-0.21.5.tgz. Extracting by manifest.
469 silly tarball no local data for picocolors@https://registry.npmjs.org/picocolors/-/picocolors-1.1.1.tgz. Extracting by manifest.
470 silly tarball no local data for react-router@https://registry.npmjs.org/react-router/-/react-router-6.30.1.tgz. Extracting by manifest.
471 silly tarball no local data for esbuild@https://registry.npmjs.org/esbuild/-/esbuild-0.21.5.tgz. Extracting by manifest.
472 silly tarball no local data for nanoid@https://registry.npmjs.org/nanoid/-/nanoid-3.3.11.tgz. Extracting by manifest.
473 silly tarball no local data for js-tokens@https://registry.npmjs.org/js-tokens/-/js-tokens-4.0.0.tgz. Extracting by manifest.
474 silly tarball no local data for scheduler@https://registry.npmjs.org/scheduler/-/scheduler-0.23.2.tgz. Extracting by manifest.
475 silly tarball no local data for @remix-run/router@https://registry.npmjs.org/@remix-run/router/-/router-1.23.0.tgz. Extracting by manifest.
476 silly tarball no local data for loose-envify@https://registry.npmjs.org/loose-envify/-/loose-envify-1.4.0.tgz. Extracting by manifest.
477 silly tarball no local data for vite@https://registry.npmjs.org/vite/-/vite-5.4.19.tgz. Extracting by manifest.
478 silly tarball no local data for react-dom@https://registry.npmjs.org/react-dom/-/react-dom-18.3.1.tgz. Extracting by manifest.
479 silly tarball no local data for react@https://registry.npmjs.org/react/-/react-18.3.1.tgz. Extracting by manifest.
480 silly tarball no local data for react-router-dom@https://registry.npmjs.org/react-router-dom/-/react-router-dom-6.30.1.tgz. Extracting by manifest.
481 http fetch GET 200 https://registry.npmjs.org/js-tokens/-/js-tokens-4.0.0.tgz 192ms (cache miss)
482 http fetch GET 200 https://registry.npmjs.org/picocolors/-/picocolors-1.1.1.tgz 208ms (cache miss)
483 http fetch GET 200 https://registry.npmjs.org/@types/estree/-/estree-1.0.7.tgz 210ms (cache miss)
484 http fetch GET 200 https://registry.npmjs.org/esbuild/-/esbuild-0.21.5.tgz 237ms (cache miss)
485 http fetch GET 200 https://registry.npmjs.org/react-router/-/react-router-6.30.1.tgz 249ms (cache miss)
486 http fetch POST 200 https://registry.npmjs.org/-/npm/v1/security/advisories/bulk 264ms
487 silly audit report {
487 silly audit report   esbuild: [
487 silly audit report     {
487 silly audit report       id: 1102341,
487 silly audit report       url: 'https://github.com/advisories/GHSA-67mh-4wv8-2f99',
487 silly audit report       title: 'esbuild enables any website to send any requests to the development server and read the response',
487 silly audit report       severity: 'moderate',
487 silly audit report       vulnerable_versions: '<=0.24.2',
487 silly audit report       cwe: [Array],
487 silly audit report       cvss: [Object]
487 silly audit report     }
487 silly audit report   ]
487 silly audit report }
488 silly packumentCache corgi:https://registry.npmjs.org/esbuild cache-miss
489 http fetch GET 200 https://registry.npmjs.org/scheduler/-/scheduler-0.23.2.tgz 259ms (cache miss)
490 http fetch GET 200 https://registry.npmjs.org/loose-envify/-/loose-envify-1.4.0.tgz 260ms (cache miss)
491 http fetch GET 200 https://registry.npmjs.org/postcss/-/postcss-8.5.5.tgz 264ms (cache miss)
492 http fetch GET 200 https://registry.npmjs.org/nanoid/-/nanoid-3.3.11.tgz 265ms (cache miss)
493 http fetch GET 200 https://registry.npmjs.org/source-map-js/-/source-map-js-1.2.1.tgz 268ms (cache miss)
494 http fetch GET 200 https://registry.npmjs.org/react/-/react-18.3.1.tgz 435ms (cache miss)
495 http fetch GET 200 https://registry.npmjs.org/vite/-/vite-5.4.19.tgz 441ms (cache miss)
496 http fetch GET 200 https://registry.npmjs.org/react-router-dom/-/react-router-dom-6.30.1.tgz 503ms (cache miss)
497 http fetch GET 200 https://registry.npmjs.org/esbuild 471ms (cache miss)
498 silly packumentCache corgi:https://registry.npmjs.org/esbuild set size:undefined disposed:false
499 silly packumentCache corgi:https://registry.npmjs.org/vite cache-miss
500 http fetch GET 200 https://registry.npmjs.org/@rollup/rollup-win32-x64-msvc/-/rollup-win32-x64-msvc-4.43.0.tgz 780ms (cache miss)
501 http fetch GET 200 https://registry.npmjs.org/rollup/-/rollup-4.43.0.tgz 780ms (cache miss)
502 http fetch GET 200 https://registry.npmjs.org/@remix-run/router/-/router-1.23.0.tgz 787ms (cache miss)
503 http fetch GET 200 https://registry.npmjs.org/react-dom/-/react-dom-18.3.1.tgz 821ms (cache miss)
504 http fetch GET 200 https://registry.npmjs.org/vite 361ms (cache miss)
505 silly packumentCache corgi:https://registry.npmjs.org/vite set size:undefined disposed:false
506 http fetch GET 200 https://registry.npmjs.org/@esbuild/win32-x64/-/win32-x64-0.21.5.tgz 1171ms (cache miss)
507 info run esbuild@0.21.5 postinstall node_modules/esbuild node install.js
508 info run esbuild@0.21.5 postinstall { code: 0, signal: null }
509 silly ADD node_modules/@types/estree
510 silly ADD node_modules/@rollup/rollup-win32-x64-msvc
511 silly ADD
512 silly ADD
513 silly ADD
514 silly ADD
515 silly ADD
516 silly ADD
517 silly ADD
518 silly ADD
519 silly ADD
520 silly ADD
521 silly ADD
522 silly ADD
523 silly ADD
524 silly ADD
525 silly ADD
526 silly ADD
527 silly ADD
528 silly ADD
529 silly ADD
530 silly ADD node_modules/source-map-js
531 silly ADD node_modules/picocolors
532 silly ADD node_modules/nanoid
533 silly ADD node_modules/@esbuild/win32-x64
534 silly ADD
535 silly ADD
536 silly ADD
537 silly ADD
538 silly ADD
539 silly ADD
540 silly ADD
541 silly ADD
542 silly ADD
543 silly ADD
544 silly ADD
545 silly ADD
546 silly ADD
547 silly ADD
548 silly ADD
549 silly ADD
550 silly ADD
551 silly ADD
552 silly ADD
553 silly ADD
554 silly ADD
555 silly ADD
556 silly ADD node_modules/rollup
557 silly ADD node_modules/postcss
558 silly ADD
559 silly ADD node_modules/esbuild
560 silly ADD node_modules/react-router
561 silly ADD node_modules/@remix-run/router
562 silly ADD node_modules/scheduler
563 silly ADD node_modules/js-tokens
564 silly ADD node_modules/loose-envify
565 silly ADD node_modules/vite
566 silly ADD node_modules/react-router-dom
567 silly ADD node_modules/react-dom
568 silly ADD node_modules/react
569 verbose cwd E:\Github\i3nya
570 verbose os Windows_NT 10.0.19045
571 verbose node v22.16.0
572 verbose npm  v10.9.2
573 notice
573 notice New [31mmajor[39m version of npm available! [31m10.9.2[39m -> [34m11.4.2[39m
573 notice Changelog: [34mhttps://github.com/npm/cli/releases/tag/v11.4.2[39m
573 notice To update run: [4mnpm install -g npm@11.4.2[24m
573 notice  { force: true, [Symbol(proc-log.meta)]: true }
574 verbose exit 0
575 info ok
